Sat Jun  3 00:00:49 UTC 2023
INFO 2023-06-03T00:17:39.762+00:00 lsst.ctrl.mpexec.cmdLineFwk ()(cmdLineFwk.py:581) - QuantumGraph contains 7 quanta for 2 tasks, graph ID: '1685751459.758525-1307'
INFO 2023-06-03T00:18:01.334+00:00 lsst.makeWarp.select (makeWarp:{instrument: 'LSSTCam-imSim', skymap: 'DC2', tract: 4431, patch: 17, visit: 930353, ...})(selectImages.py:228) - Selecting calexp {instrument: 'LSSTCam-imSim', detector: 165, visit: 930353, ...}
INFO 2023-06-03T00:18:01.335+00:00 lsst.makeWarp.select (makeWarp:{instrument: 'LSSTCam-imSim', skymap: 'DC2', tract: 4431, patch: 17, visit: 930353, ...})(selectImages.py:228) - Selecting calexp {instrument: 'LSSTCam-imSim', detector: 166, visit: 930353, ...}
INFO 2023-06-03T00:18:01.335+00:00 lsst.makeWarp.select (makeWarp:{instrument: 'LSSTCam-imSim', skymap: 'DC2', tract: 4431, patch: 17, visit: 930353, ...})(selectImages.py:228) - Selecting calexp {instrument: 'LSSTCam-imSim', detector: 168, visit: 930353, ...}
INFO 2023-06-03T00:18:01.336+00:00 lsst.makeWarp.select (makeWarp:{instrument: 'LSSTCam-imSim', skymap: 'DC2', tract: 4431, patch: 17, visit: 930353, ...})(selectImages.py:228) - Selecting calexp {instrument: 'LSSTCam-imSim', detector: 169, visit: 930353, ...}
INFO 2023-06-03T00:18:06.551+00:00 lsst.makeWarp (makeWarp:{instrument: 'LSSTCam-imSim', skymap: 'DC2', tract: 4431, patch: 17, visit: 930353, ...})(makeWarp.py:448) - Processing calexp 1 of 4 for this Warp: id={instrument: 'LSSTCam-imSim', detector: 165, visit: 930353, ...}
INFO 2023-06-03T00:18:12.875+00:00 lsst.makeWarp.warpAndPsfMatch.psfMatch (makeWarp:{instrument: 'LSSTCam-imSim', skymap: 'DC2', tract: 4431, patch: 17, visit: 930353, ...})(modelPsfMatch.py:335) - compute Psf-matching kernel
INFO 2023-06-03T00:18:13.345+00:00 lsst.makeWarp.warpAndPsfMatch.psfMatch (makeWarp:{instrument: 'LSSTCam-imSim', skymap: 'DC2', tract: 4431, patch: 17, visit: 930353, ...})(modelPsfMatch.py:483) - Adjusted dimensions of reference PSF model from (23, 23) to (57, 57)
INFO 2023-06-03T00:18:14.611+00:00 lsst.ip.diffim.generateAlardLuptonBasisList (makeWarp:{instrument: 'LSSTCam-imSim', skymap: 'DC2', tract: 4431, patch: 17, visit: 930353, ...})(makeKernelBasisList.py:192) - PSF sigmas are not available or scaling by fwhm disabled, falling back to config values
INFO 2023-06-03T00:18:27.211+00:00 lsst.makeWarp.warpAndPsfMatch.psfMatch (makeWarp:{instrument: 'LSSTCam-imSim', skymap: 'DC2', tract: 4431, patch: 17, visit: 930353, ...})(modelPsfMatch.py:358) - Psf-match science exposure to reference
INFO 2023-06-03T00:18:37.477+00:00 lsst.makeWarp.warpAndPsfMatch.psfMatch (makeWarp:{instrument: 'LSSTCam-imSim', skymap: 'DC2', tract: 4431, patch: 17, visit: 930353, ...})(modelPsfMatch.py:373) - done
INFO 2023-06-03T00:18:37.541+00:00 lsst.makeWarp (makeWarp:{instrument: 'LSSTCam-imSim', skymap: 'DC2', tract: 4431, patch: 17, visit: 930353, ...})(makeWarp.py:448) - Processing calexp 2 of 4 for this Warp: id={instrument: 'LSSTCam-imSim', detector: 166, visit: 930353, ...}
INFO 2023-06-03T00:18:37.945+00:00 lsst.makeWarp.warpAndPsfMatch.psfMatch (makeWarp:{instrument: 'LSSTCam-imSim', skymap: 'DC2', tract: 4431, patch: 17, visit: 930353, ...})(modelPsfMatch.py:335) - compute Psf-matching kernel
INFO 2023-06-03T00:18:38.098+00:00 lsst.makeWarp.warpAndPsfMatch.psfMatch (makeWarp:{instrument: 'LSSTCam-imSim', skymap: 'DC2', tract: 4431, patch: 17, visit: 930353, ...})(modelPsfMatch.py:483) - Adjusted dimensions of reference PSF model from (23, 23) to (57, 57)
INFO 2023-06-03T00:18:38.511+00:00 lsst.ip.diffim.generateAlardLuptonBasisList (makeWarp:{instrument: 'LSSTCam-imSim', skymap: 'DC2', tract: 4431, patch: 17, visit: 930353, ...})(makeKernelBasisList.py:192) - PSF sigmas are not available or scaling by fwhm disabled, falling back to config values
INFO 2023-06-03T00:18:42.645+00:00 lsst.makeWarp.warpAndPsfMatch.psfMatch (makeWarp:{instrument: 'LSSTCam-imSim', skymap: 'DC2', tract: 4431, patch: 17, visit: 930353, ...})(modelPsfMatch.py:358) - Psf-match science exposure to reference
INFO 2023-06-03T00:18:45.235+00:00 lsst.makeWarp.warpAndPsfMatch.psfMatch (makeWarp:{instrument: 'LSSTCam-imSim', skymap: 'DC2', tract: 4431, patch: 17, visit: 930353, ...})(modelPsfMatch.py:373) - done
INFO 2023-06-03T00:18:45.263+00:00 lsst.makeWarp (makeWarp:{instrument: 'LSSTCam-imSim', skymap: 'DC2', tract: 4431, patch: 17, visit: 930353, ...})(makeWarp.py:448) - Processing calexp 3 of 4 for this Warp: id={instrument: 'LSSTCam-imSim', detector: 168, visit: 930353, ...}
INFO 2023-06-03T00:18:57.280+00:00 lsst.makeWarp.warpAndPsfMatch.psfMatch (makeWarp:{instrument: 'LSSTCam-imSim', skymap: 'DC2', tract: 4431, patch: 17, visit: 930353, ...})(modelPsfMatch.py:335) - compute Psf-matching kernel
INFO 2023-06-03T00:18:58.074+00:00 lsst.makeWarp.warpAndPsfMatch.psfMatch (makeWarp:{instrument: 'LSSTCam-imSim', skymap: 'DC2', tract: 4431, patch: 17, visit: 930353, ...})(modelPsfMatch.py:483) - Adjusted dimensions of reference PSF model from (23, 23) to (57, 57)
INFO 2023-06-03T00:19:00.198+00:00 lsst.ip.diffim.generateAlardLuptonBasisList (makeWarp:{instrument: 'LSSTCam-imSim', skymap: 'DC2', tract: 4431, patch: 17, visit: 930353, ...})(makeKernelBasisList.py:192) - PSF sigmas are not available or scaling by fwhm disabled, falling back to config values
INFO 2023-06-03T00:19:22.137+00:00 lsst.makeWarp.warpAndPsfMatch.psfMatch (makeWarp:{instrument: 'LSSTCam-imSim', skymap: 'DC2', tract: 4431, patch: 17, visit: 930353, ...})(modelPsfMatch.py:358) - Psf-match science exposure to reference
INFO 2023-06-03T00:19:40.978+00:00 lsst.makeWarp.warpAndPsfMatch.psfMatch (makeWarp:{instrument: 'LSSTCam-imSim', skymap: 'DC2', tract: 4431, patch: 17, visit: 930353, ...})(modelPsfMatch.py:373) - done
INFO 2023-06-03T00:19:41.125+00:00 lsst.makeWarp (makeWarp:{instrument: 'LSSTCam-imSim', skymap: 'DC2', tract: 4431, patch: 17, visit: 930353, ...})(makeWarp.py:448) - Processing calexp 4 of 4 for this Warp: id={instrument: 'LSSTCam-imSim', detector: 169, visit: 930353, ...}
INFO 2023-06-03T00:19:43.581+00:00 lsst.makeWarp.warpAndPsfMatch.psfMatch (makeWarp:{instrument: 'LSSTCam-imSim', skymap: 'DC2', tract: 4431, patch: 17, visit: 930353, ...})(modelPsfMatch.py:335) - compute Psf-matching kernel
INFO 2023-06-03T00:19:43.871+00:00 lsst.makeWarp.warpAndPsfMatch.psfMatch (makeWarp:{instrument: 'LSSTCam-imSim', skymap: 'DC2', tract: 4431, patch: 17, visit: 930353, ...})(modelPsfMatch.py:483) - Adjusted dimensions of reference PSF model from (23, 23) to (57, 57)
INFO 2023-06-03T00:19:44.634+00:00 lsst.ip.diffim.generateAlardLuptonBasisList (makeWarp:{instrument: 'LSSTCam-imSim', skymap: 'DC2', tract: 4431, patch: 17, visit: 930353, ...})(makeKernelBasisList.py:192) - PSF sigmas are not available or scaling by fwhm disabled, falling back to config values
INFO 2023-06-03T00:19:52.512+00:00 lsst.makeWarp.warpAndPsfMatch.psfMatch (makeWarp:{instrument: 'LSSTCam-imSim', skymap: 'DC2', tract: 4431, patch: 17, visit: 930353, ...})(modelPsfMatch.py:358) - Psf-match science exposure to reference
INFO 2023-06-03T00:19:58.698+00:00 lsst.makeWarp.warpAndPsfMatch.psfMatch (makeWarp:{instrument: 'LSSTCam-imSim', skymap: 'DC2', tract: 4431, patch: 17, visit: 930353, ...})(modelPsfMatch.py:373) - done
INFO 2023-06-03T00:19:58.758+00:00 lsst.makeWarp (makeWarp:{instrument: 'LSSTCam-imSim', skymap: 'DC2', tract: 4431, patch: 17, visit: 930353, ...})(makeWarp.py:494) - directWarp has 16076133 good pixels (91.1%)
INFO 2023-06-03T00:19:58.762+00:00 lsst.makeWarp (makeWarp:{instrument: 'LSSTCam-imSim', skymap: 'DC2', tract: 4431, patch: 17, visit: 930353, ...})(makeWarp.py:494) - psfMatchedWarp has 15873200 good pixels (90.0%)
INFO 2023-06-03T00:20:06.763+00:00 lsst.ctrl.mpexec.singleQuantumExecutor (makeWarp:{instrument: 'LSSTCam-imSim', skymap: 'DC2', tract: 4431, patch: 17, visit: 930353, ...})(singleQuantumExecutor.py:232) - Execution of task 'makeWarp' on quantum {instrument: 'LSSTCam-imSim', skymap: 'DC2', tract: 4431, patch: 17, visit: 930353, ...} took 129.934 seconds
INFO 2023-06-03T00:20:06.789+00:00 lsst.ctrl.mpexec.singleQuantumExecutor ()(singleQuantumExecutor.py:654) - Log records could not be stored in this butler because the datastore can not ingest files, empty record list is stored instead.
INFO 2023-06-03T00:20:07.395+00:00 lsst.ctrl.mpexec.mpGraphExecutor ()(mpGraphExecutor.py:518) - Executed 1 quanta successfully, 0 failed and 6 remain out of total 7 quanta.
INFO 2023-06-03T00:20:11.882+00:00 lsst.makeWarp.select (makeWarp:{instrument: 'LSSTCam-imSim', skymap: 'DC2', tract: 4431, patch: 17, visit: 924057, ...})(selectImages.py:228) - Selecting calexp {instrument: 'LSSTCam-imSim', detector: 30, visit: 924057, ...}
INFO 2023-06-03T00:20:11.883+00:00 lsst.makeWarp.select (makeWarp:{instrument: 'LSSTCam-imSim', skymap: 'DC2', tract: 4431, patch: 17, visit: 924057, ...})(selectImages.py:228) - Selecting calexp {instrument: 'LSSTCam-imSim', detector: 31, visit: 924057, ...}
INFO 2023-06-03T00:20:11.883+00:00 lsst.makeWarp.select (makeWarp:{instrument: 'LSSTCam-imSim', skymap: 'DC2', tract: 4431, patch: 17, visit: 924057, ...})(selectImages.py:228) - Selecting calexp {instrument: 'LSSTCam-imSim', detector: 33, visit: 924057, ...}
INFO 2023-06-03T00:20:11.884+00:00 lsst.makeWarp.select (makeWarp:{instrument: 'LSSTCam-imSim', skymap: 'DC2', tract: 4431, patch: 17, visit: 924057, ...})(selectImages.py:228) - Selecting calexp {instrument: 'LSSTCam-imSim', detector: 34, visit: 924057, ...}
INFO 2023-06-03T00:20:16.424+00:00 lsst.makeWarp (makeWarp:{instrument: 'LSSTCam-imSim', skymap: 'DC2', tract: 4431, patch: 17, visit: 924057, ...})(makeWarp.py:448) - Processing calexp 1 of 4 for this Warp: id={instrument: 'LSSTCam-imSim', detector: 30, visit: 924057, ...}
INFO 2023-06-03T00:20:22.634+00:00 lsst.makeWarp.warpAndPsfMatch.psfMatch (makeWarp:{instrument: 'LSSTCam-imSim', skymap: 'DC2', tract: 4431, patch: 17, visit: 924057, ...})(modelPsfMatch.py:335) - compute Psf-matching kernel
INFO 2023-06-03T00:20:23.059+00:00 lsst.makeWarp.warpAndPsfMatch.psfMatch (makeWarp:{instrument: 'LSSTCam-imSim', skymap: 'DC2', tract: 4431, patch: 17, visit: 924057, ...})(modelPsfMatch.py:483) - Adjusted dimensions of reference PSF model from (23, 23) to (57, 57)
INFO 2023-06-03T00:20:24.236+00:00 lsst.ip.diffim.generateAlardLuptonBasisList (makeWarp:{instrument: 'LSSTCam-imSim', skymap: 'DC2', tract: 4431, patch: 17, visit: 924057, ...})(makeKernelBasisList.py:192) - PSF sigmas are not available or scaling by fwhm disabled, falling back to config values
INFO 2023-06-03T00:20:36.422+00:00 lsst.makeWarp.warpAndPsfMatch.psfMatch (makeWarp:{instrument: 'LSSTCam-imSim', skymap: 'DC2', tract: 4431, patch: 17, visit: 924057, ...})(modelPsfMatch.py:358) - Psf-match science exposure to reference
INFO 2023-06-03T00:20:46.730+00:00 lsst.makeWarp.warpAndPsfMatch.psfMatch (makeWarp:{instrument: 'LSSTCam-imSim', skymap: 'DC2', tract: 4431, patch: 17, visit: 924057, ...})(modelPsfMatch.py:373) - done
INFO 2023-06-03T00:20:46.792+00:00 lsst.makeWarp (makeWarp:{instrument: 'LSSTCam-imSim', skymap: 'DC2', tract: 4431, patch: 17, visit: 924057, ...})(makeWarp.py:448) - Processing calexp 2 of 4 for this Warp: id={instrument: 'LSSTCam-imSim', detector: 31, visit: 924057, ...}
INFO 2023-06-03T00:20:47.225+00:00 lsst.makeWarp.warpAndPsfMatch.psfMatch (makeWarp:{instrument: 'LSSTCam-imSim', skymap: 'DC2', tract: 4431, patch: 17, visit: 924057, ...})(modelPsfMatch.py:335) - compute Psf-matching kernel
INFO 2023-06-03T00:20:47.381+00:00 lsst.makeWarp.warpAndPsfMatch.psfMatch (makeWarp:{instrument: 'LSSTCam-imSim', skymap: 'DC2', tract: 4431, patch: 17, visit: 924057, ...})(modelPsfMatch.py:483) - Adjusted dimensions of reference PSF model from (23, 23) to (57, 57)
INFO 2023-06-03T00:20:47.793+00:00 lsst.ip.diffim.generateAlardLuptonBasisList (makeWarp:{instrument: 'LSSTCam-imSim', skymap: 'DC2', tract: 4431, patch: 17, visit: 924057, ...})(makeKernelBasisList.py:192) - PSF sigmas are not available or scaling by fwhm disabled, falling back to config values
INFO 2023-06-03T00:20:51.946+00:00 lsst.makeWarp.warpAndPsfMatch.psfMatch (makeWarp:{instrument: 'LSSTCam-imSim', skymap: 'DC2', tract: 4431, patch: 17, visit: 924057, ...})(modelPsfMatch.py:358) - Psf-match science exposure to reference
INFO 2023-06-03T00:20:54.591+00:00 lsst.makeWarp.warpAndPsfMatch.psfMatch (makeWarp:{instrument: 'LSSTCam-imSim', skymap: 'DC2', tract: 4431, patch: 17, visit: 924057, ...})(modelPsfMatch.py:373) - done
INFO 2023-06-03T00:20:54.614+00:00 lsst.makeWarp (makeWarp:{instrument: 'LSSTCam-imSim', skymap: 'DC2', tract: 4431, patch: 17, visit: 924057, ...})(makeWarp.py:448) - Processing calexp 3 of 4 for this Warp: id={instrument: 'LSSTCam-imSim', detector: 33, visit: 924057, ...}
INFO 2023-06-03T00:21:06.679+00:00 lsst.makeWarp.warpAndPsfMatch.psfMatch (makeWarp:{instrument: 'LSSTCam-imSim', skymap: 'DC2', tract: 4431, patch: 17, visit: 924057, ...})(modelPsfMatch.py:335) - compute Psf-matching kernel
INFO 2023-06-03T00:21:07.464+00:00 lsst.makeWarp.warpAndPsfMatch.psfMatch (makeWarp:{instrument: 'LSSTCam-imSim', skymap: 'DC2', tract: 4431, patch: 17, visit: 924057, ...})(modelPsfMatch.py:483) - Adjusted dimensions of reference PSF model from (23, 23) to (57, 57)
INFO 2023-06-03T00:21:09.605+00:00 lsst.ip.diffim.generateAlardLuptonBasisList (makeWarp:{instrument: 'LSSTCam-imSim', skymap: 'DC2', tract: 4431, patch: 17, visit: 924057, ...})(makeKernelBasisList.py:192) - PSF sigmas are not available or scaling by fwhm disabled, falling back to config values
INFO 2023-06-03T00:21:31.481+00:00 lsst.makeWarp.warpAndPsfMatch.psfMatch (makeWarp:{instrument: 'LSSTCam-imSim', skymap: 'DC2', tract: 4431, patch: 17, visit: 924057, ...})(modelPsfMatch.py:358) - Psf-match science exposure to reference
INFO 2023-06-03T00:21:50.347+00:00 lsst.makeWarp.warpAndPsfMatch.psfMatch (makeWarp:{instrument: 'LSSTCam-imSim', skymap: 'DC2', tract: 4431, patch: 17, visit: 924057, ...})(modelPsfMatch.py:373) - done
INFO 2023-06-03T00:21:50.494+00:00 lsst.makeWarp (makeWarp:{instrument: 'LSSTCam-imSim', skymap: 'DC2', tract: 4431, patch: 17, visit: 924057, ...})(makeWarp.py:448) - Processing calexp 4 of 4 for this Warp: id={instrument: 'LSSTCam-imSim', detector: 34, visit: 924057, ...}
INFO 2023-06-03T00:21:53.051+00:00 lsst.makeWarp.warpAndPsfMatch.psfMatch (makeWarp:{instrument: 'LSSTCam-imSim', skymap: 'DC2', tract: 4431, patch: 17, visit: 924057, ...})(modelPsfMatch.py:335) - compute Psf-matching kernel
INFO 2023-06-03T00:21:53.332+00:00 lsst.makeWarp.warpAndPsfMatch.psfMatch (makeWarp:{instrument: 'LSSTCam-imSim', skymap: 'DC2', tract: 4431, patch: 17, visit: 924057, ...})(modelPsfMatch.py:483) - Adjusted dimensions of reference PSF model from (23, 23) to (57, 57)
INFO 2023-06-03T00:21:54.092+00:00 lsst.ip.diffim.generateAlardLuptonBasisList (makeWarp:{instrument: 'LSSTCam-imSim', skymap: 'DC2', tract: 4431, patch: 17, visit: 924057, ...})(makeKernelBasisList.py:192) - PSF sigmas are not available or scaling by fwhm disabled, falling back to config values
INFO 2023-06-03T00:22:01.752+00:00 lsst.makeWarp.warpAndPsfMatch.psfMatch (makeWarp:{instrument: 'LSSTCam-imSim', skymap: 'DC2', tract: 4431, patch: 17, visit: 924057, ...})(modelPsfMatch.py:358) - Psf-match science exposure to reference
INFO 2023-06-03T00:22:07.964+00:00 lsst.makeWarp.warpAndPsfMatch.psfMatch (makeWarp:{instrument: 'LSSTCam-imSim', skymap: 'DC2', tract: 4431, patch: 17, visit: 924057, ...})(modelPsfMatch.py:373) - done
INFO 2023-06-03T00:22:08.018+00:00 lsst.makeWarp (makeWarp:{instrument: 'LSSTCam-imSim', skymap: 'DC2', tract: 4431, patch: 17, visit: 924057, ...})(makeWarp.py:494) - directWarp has 16098179 good pixels (91.3%)
INFO 2023-06-03T00:22:08.021+00:00 lsst.makeWarp (makeWarp:{instrument: 'LSSTCam-imSim', skymap: 'DC2', tract: 4431, patch: 17, visit: 924057, ...})(makeWarp.py:494) - psfMatchedWarp has 15894357 good pixels (90.1%)
INFO 2023-06-03T00:22:15.911+00:00 lsst.ctrl.mpexec.singleQuantumExecutor (makeWarp:{instrument: 'LSSTCam-imSim', skymap: 'DC2', tract: 4431, patch: 17, visit: 924057, ...})(singleQuantumExecutor.py:232) - Execution of task 'makeWarp' on quantum {instrument: 'LSSTCam-imSim', skymap: 'DC2', tract: 4431, patch: 17, visit: 924057, ...} took 128.515 seconds
INFO 2023-06-03T00:22:15.926+00:00 lsst.ctrl.mpexec.singleQuantumExecutor ()(singleQuantumExecutor.py:654) - Log records could not be stored in this butler because the datastore can not ingest files, empty record list is stored instead.
INFO 2023-06-03T00:22:16.523+00:00 lsst.ctrl.mpexec.mpGraphExecutor ()(mpGraphExecutor.py:518) - Executed 2 quanta successfully, 0 failed and 5 remain out of total 7 quanta.
INFO 2023-06-03T00:22:19.871+00:00 lsst.makeWarp.select (makeWarp:{instrument: 'LSSTCam-imSim', skymap: 'DC2', tract: 4431, patch: 17, visit: 919515, ...})(selectImages.py:228) - Selecting calexp {instrument: 'LSSTCam-imSim', detector: 110, visit: 919515, ...}
INFO 2023-06-03T00:22:19.872+00:00 lsst.makeWarp.select (makeWarp:{instrument: 'LSSTCam-imSim', skymap: 'DC2', tract: 4431, patch: 17, visit: 919515, ...})(selectImages.py:228) - Selecting calexp {instrument: 'LSSTCam-imSim', detector: 113, visit: 919515, ...}
INFO 2023-06-03T00:22:19.872+00:00 lsst.makeWarp.select (makeWarp:{instrument: 'LSSTCam-imSim', skymap: 'DC2', tract: 4431, patch: 17, visit: 919515, ...})(selectImages.py:228) - Selecting calexp {instrument: 'LSSTCam-imSim', detector: 116, visit: 919515, ...}
INFO 2023-06-03T00:22:23.207+00:00 lsst.makeWarp (makeWarp:{instrument: 'LSSTCam-imSim', skymap: 'DC2', tract: 4431, patch: 17, visit: 919515, ...})(makeWarp.py:448) - Processing calexp 1 of 3 for this Warp: id={instrument: 'LSSTCam-imSim', detector: 110, visit: 919515, ...}
INFO 2023-06-03T00:22:24.777+00:00 lsst.makeWarp.warpAndPsfMatch.psfMatch (makeWarp:{instrument: 'LSSTCam-imSim', skymap: 'DC2', tract: 4431, patch: 17, visit: 919515, ...})(modelPsfMatch.py:335) - compute Psf-matching kernel
INFO 2023-06-03T00:22:24.951+00:00 lsst.makeWarp.warpAndPsfMatch.psfMatch (makeWarp:{instrument: 'LSSTCam-imSim', skymap: 'DC2', tract: 4431, patch: 17, visit: 919515, ...})(modelPsfMatch.py:483) - Adjusted dimensions of reference PSF model from (23, 23) to (57, 57)
INFO 2023-06-03T00:22:25.408+00:00 lsst.ip.diffim.generateAlardLuptonBasisList (makeWarp:{instrument: 'LSSTCam-imSim', skymap: 'DC2', tract: 4431, patch: 17, visit: 919515, ...})(makeKernelBasisList.py:192) - PSF sigmas are not available or scaling by fwhm disabled, falling back to config values
INFO 2023-06-03T00:22:30.218+00:00 lsst.makeWarp.warpAndPsfMatch.psfMatch (makeWarp:{instrument: 'LSSTCam-imSim', skymap: 'DC2', tract: 4431, patch: 17, visit: 919515, ...})(modelPsfMatch.py:358) - Psf-match science exposure to reference
INFO 2023-06-03T00:22:33.643+00:00 lsst.makeWarp.warpAndPsfMatch.psfMatch (makeWarp:{instrument: 'LSSTCam-imSim', skymap: 'DC2', tract: 4431, patch: 17, visit: 919515, ...})(modelPsfMatch.py:373) - done
INFO 2023-06-03T00:22:33.664+00:00 lsst.makeWarp (makeWarp:{instrument: 'LSSTCam-imSim', skymap: 'DC2', tract: 4431, patch: 17, visit: 919515, ...})(makeWarp.py:448) - Processing calexp 2 of 3 for this Warp: id={instrument: 'LSSTCam-imSim', detector: 113, visit: 919515, ...}
INFO 2023-06-03T00:22:43.262+00:00 lsst.makeWarp.warpAndPsfMatch.psfMatch (makeWarp:{instrument: 'LSSTCam-imSim', skymap: 'DC2', tract: 4431, patch: 17, visit: 919515, ...})(modelPsfMatch.py:335) - compute Psf-matching kernel
INFO 2023-06-03T00:22:43.909+00:00 lsst.makeWarp.warpAndPsfMatch.psfMatch (makeWarp:{instrument: 'LSSTCam-imSim', skymap: 'DC2', tract: 4431, patch: 17, visit: 919515, ...})(modelPsfMatch.py:483) - Adjusted dimensions of reference PSF model from (23, 23) to (57, 57)
INFO 2023-06-03T00:22:45.648+00:00 lsst.ip.diffim.generateAlardLuptonBasisList (makeWarp:{instrument: 'LSSTCam-imSim', skymap: 'DC2', tract: 4431, patch: 17, visit: 919515, ...})(makeKernelBasisList.py:192) - PSF sigmas are not available or scaling by fwhm disabled, falling back to config values
INFO 2023-06-03T00:23:03.892+00:00 lsst.makeWarp.warpAndPsfMatch.psfMatch (makeWarp:{instrument: 'LSSTCam-imSim', skymap: 'DC2', tract: 4431, patch: 17, visit: 919515, ...})(modelPsfMatch.py:358) - Psf-match science exposure to reference
INFO 2023-06-03T00:23:19.976+00:00 lsst.makeWarp.warpAndPsfMatch.psfMatch (makeWarp:{instrument: 'LSSTCam-imSim', skymap: 'DC2', tract: 4431, patch: 17, visit: 919515, ...})(modelPsfMatch.py:373) - done
INFO 2023-06-03T00:23:20.097+00:00 lsst.makeWarp (makeWarp:{instrument: 'LSSTCam-imSim', skymap: 'DC2', tract: 4431, patch: 17, visit: 919515, ...})(makeWarp.py:448) - Processing calexp 3 of 3 for this Warp: id={instrument: 'LSSTCam-imSim', detector: 116, visit: 919515, ...}
INFO 2023-06-03T00:23:20.927+00:00 lsst.makeWarp.warpAndPsfMatch.psfMatch (makeWarp:{instrument: 'LSSTCam-imSim', skymap: 'DC2', tract: 4431, patch: 17, visit: 919515, ...})(modelPsfMatch.py:335) - compute Psf-matching kernel
INFO 2023-06-03T00:23:21.078+00:00 lsst.makeWarp.warpAndPsfMatch.psfMatch (makeWarp:{instrument: 'LSSTCam-imSim', skymap: 'DC2', tract: 4431, patch: 17, visit: 919515, ...})(modelPsfMatch.py:483) - Adjusted dimensions of reference PSF model from (23, 23) to (57, 57)
INFO 2023-06-03T00:23:21.477+00:00 lsst.ip.diffim.generateAlardLuptonBasisList (makeWarp:{instrument: 'LSSTCam-imSim', skymap: 'DC2', tract: 4431, patch: 17, visit: 919515, ...})(makeKernelBasisList.py:192) - PSF sigmas are not available or scaling by fwhm disabled, falling back to config values
INFO 2023-06-03T00:23:25.551+00:00 lsst.makeWarp.warpAndPsfMatch.psfMatch (makeWarp:{instrument: 'LSSTCam-imSim', skymap: 'DC2', tract: 4431, patch: 17, visit: 919515, ...})(modelPsfMatch.py:358) - Psf-match science exposure to reference
INFO 2023-06-03T00:23:28.455+00:00 lsst.makeWarp.warpAndPsfMatch.psfMatch (makeWarp:{instrument: 'LSSTCam-imSim', skymap: 'DC2', tract: 4431, patch: 17, visit: 919515, ...})(modelPsfMatch.py:373) - done
INFO 2023-06-03T00:23:28.488+00:00 lsst.makeWarp (makeWarp:{instrument: 'LSSTCam-imSim', skymap: 'DC2', tract: 4431, patch: 17, visit: 919515, ...})(makeWarp.py:494) - directWarp has 8982709 good pixels (50.9%)
INFO 2023-06-03T00:23:28.490+00:00 lsst.makeWarp (makeWarp:{instrument: 'LSSTCam-imSim', skymap: 'DC2', tract: 4431, patch: 17, visit: 919515, ...})(makeWarp.py:494) - psfMatchedWarp has 8856818 good pixels (50.2%)
INFO 2023-06-03T00:23:34.367+00:00 lsst.ctrl.mpexec.singleQuantumExecutor (makeWarp:{instrument: 'LSSTCam-imSim', skymap: 'DC2', tract: 4431, patch: 17, visit: 919515, ...})(singleQuantumExecutor.py:232) - Execution of task 'makeWarp' on quantum {instrument: 'LSSTCam-imSim', skymap: 'DC2', tract: 4431, patch: 17, visit: 919515, ...} took 77.843 seconds
INFO 2023-06-03T00:23:34.382+00:00 lsst.ctrl.mpexec.singleQuantumExecutor ()(singleQuantumExecutor.py:654) - Log records could not be stored in this butler because the datastore can not ingest files, empty record list is stored instead.
INFO 2023-06-03T00:23:34.994+00:00 lsst.ctrl.mpexec.mpGraphExecutor ()(mpGraphExecutor.py:518) - Executed 3 quanta successfully, 0 failed and 4 remain out of total 7 quanta.
INFO 2023-06-03T00:23:44.242+00:00 lsst.makeWarp.select (makeWarp:{instrument: 'LSSTCam-imSim', skymap: 'DC2', tract: 4431, patch: 17, visit: 924086, ...})(selectImages.py:228) - Selecting calexp {instrument: 'LSSTCam-imSim', detector: 139, visit: 924086, ...}
INFO 2023-06-03T00:23:44.243+00:00 lsst.makeWarp.select (makeWarp:{instrument: 'LSSTCam-imSim', skymap: 'DC2', tract: 4431, patch: 17, visit: 924086, ...})(selectImages.py:228) - Selecting calexp {instrument: 'LSSTCam-imSim', detector: 140, visit: 924086, ...}
INFO 2023-06-03T00:23:44.243+00:00 lsst.makeWarp.select (makeWarp:{instrument: 'LSSTCam-imSim', skymap: 'DC2', tract: 4431, patch: 17, visit: 924086, ...})(selectImages.py:228) - Selecting calexp {instrument: 'LSSTCam-imSim', detector: 141, visit: 924086, ...}
INFO 2023-06-03T00:23:44.244+00:00 lsst.makeWarp.select (makeWarp:{instrument: 'LSSTCam-imSim', skymap: 'DC2', tract: 4431, patch: 17, visit: 924086, ...})(selectImages.py:228) - Selecting calexp {instrument: 'LSSTCam-imSim', detector: 142, visit: 924086, ...}
INFO 2023-06-03T00:23:44.244+00:00 lsst.makeWarp.select (makeWarp:{instrument: 'LSSTCam-imSim', skymap: 'DC2', tract: 4431, patch: 17, visit: 924086, ...})(selectImages.py:228) - Selecting calexp {instrument: 'LSSTCam-imSim', detector: 143, visit: 924086, ...}
INFO 2023-06-03T00:23:50.142+00:00 lsst.makeWarp (makeWarp:{instrument: 'LSSTCam-imSim', skymap: 'DC2', tract: 4431, patch: 17, visit: 924086, ...})(makeWarp.py:448) - Processing calexp 1 of 5 for this Warp: id={instrument: 'LSSTCam-imSim', detector: 139, visit: 924086, ...}
INFO 2023-06-03T00:23:56.623+00:00 lsst.makeWarp.warpAndPsfMatch.psfMatch (makeWarp:{instrument: 'LSSTCam-imSim', skymap: 'DC2', tract: 4431, patch: 17, visit: 924086, ...})(modelPsfMatch.py:335) - compute Psf-matching kernel
INFO 2023-06-03T00:23:57.094+00:00 lsst.makeWarp.warpAndPsfMatch.psfMatch (makeWarp:{instrument: 'LSSTCam-imSim', skymap: 'DC2', tract: 4431, patch: 17, visit: 924086, ...})(modelPsfMatch.py:483) - Adjusted dimensions of reference PSF model from (23, 23) to (57, 57)
INFO 2023-06-03T00:23:58.325+00:00 lsst.ip.diffim.generateAlardLuptonBasisList (makeWarp:{instrument: 'LSSTCam-imSim', skymap: 'DC2', tract: 4431, patch: 17, visit: 924086, ...})(makeKernelBasisList.py:192) - PSF sigmas are not available or scaling by fwhm disabled, falling back to config values
INFO 2023-06-03T00:24:11.071+00:00 lsst.makeWarp.warpAndPsfMatch.psfMatch (makeWarp:{instrument: 'LSSTCam-imSim', skymap: 'DC2', tract: 4431, patch: 17, visit: 924086, ...})(modelPsfMatch.py:358) - Psf-match science exposure to reference
INFO 2023-06-03T00:24:21.486+00:00 lsst.makeWarp.warpAndPsfMatch.psfMatch (makeWarp:{instrument: 'LSSTCam-imSim', skymap: 'DC2', tract: 4431, patch: 17, visit: 924086, ...})(modelPsfMatch.py:373) - done
INFO 2023-06-03T00:24:21.551+00:00 lsst.makeWarp (makeWarp:{instrument: 'LSSTCam-imSim', skymap: 'DC2', tract: 4431, patch: 17, visit: 924086, ...})(makeWarp.py:448) - Processing calexp 2 of 5 for this Warp: id={instrument: 'LSSTCam-imSim', detector: 140, visit: 924086, ...}
INFO 2023-06-03T00:24:21.775+00:00 lsst.makeWarp.warpAndPsfMatch.psfMatch (makeWarp:{instrument: 'LSSTCam-imSim', skymap: 'DC2', tract: 4431, patch: 17, visit: 924086, ...})(modelPsfMatch.py:335) - compute Psf-matching kernel
INFO 2023-06-03T00:24:21.883+00:00 lsst.makeWarp.warpAndPsfMatch.psfMatch (makeWarp:{instrument: 'LSSTCam-imSim', skymap: 'DC2', tract: 4431, patch: 17, visit: 924086, ...})(modelPsfMatch.py:483) - Adjusted dimensions of reference PSF model from (23, 23) to (57, 57)
INFO 2023-06-03T00:24:22.157+00:00 lsst.ip.diffim.generateAlardLuptonBasisList (makeWarp:{instrument: 'LSSTCam-imSim', skymap: 'DC2', tract: 4431, patch: 17, visit: 924086, ...})(makeKernelBasisList.py:192) - PSF sigmas are not available or scaling by fwhm disabled, falling back to config values
INFO 2023-06-03T00:24:24.923+00:00 lsst.makeWarp.warpAndPsfMatch.psfMatch (makeWarp:{instrument: 'LSSTCam-imSim', skymap: 'DC2', tract: 4431, patch: 17, visit: 924086, ...})(modelPsfMatch.py:358) - Psf-match science exposure to reference
INFO 2023-06-03T00:24:26.639+00:00 lsst.makeWarp.warpAndPsfMatch.psfMatch (makeWarp:{instrument: 'LSSTCam-imSim', skymap: 'DC2', tract: 4431, patch: 17, visit: 924086, ...})(modelPsfMatch.py:373) - done
INFO 2023-06-03T00:24:26.659+00:00 lsst.makeWarp (makeWarp:{instrument: 'LSSTCam-imSim', skymap: 'DC2', tract: 4431, patch: 17, visit: 924086, ...})(makeWarp.py:448) - Processing calexp 3 of 5 for this Warp: id={instrument: 'LSSTCam-imSim', detector: 141, visit: 924086, ...}
INFO 2023-06-03T00:24:27.415+00:00 lsst.makeWarp.warpAndPsfMatch.psfMatch (makeWarp:{instrument: 'LSSTCam-imSim', skymap: 'DC2', tract: 4431, patch: 17, visit: 924086, ...})(modelPsfMatch.py:335) - compute Psf-matching kernel
INFO 2023-06-03T00:24:27.571+00:00 lsst.makeWarp.warpAndPsfMatch.psfMatch (makeWarp:{instrument: 'LSSTCam-imSim', skymap: 'DC2', tract: 4431, patch: 17, visit: 924086, ...})(modelPsfMatch.py:483) - Adjusted dimensions of reference PSF model from (23, 23) to (57, 57)
INFO 2023-06-03T00:24:27.982+00:00 lsst.ip.diffim.generateAlardLuptonBasisList (makeWarp:{instrument: 'LSSTCam-imSim', skymap: 'DC2', tract: 4431, patch: 17, visit: 924086, ...})(makeKernelBasisList.py:192) - PSF sigmas are not available or scaling by fwhm disabled, falling back to config values
INFO 2023-06-03T00:24:32.248+00:00 lsst.makeWarp.warpAndPsfMatch.psfMatch (makeWarp:{instrument: 'LSSTCam-imSim', skymap: 'DC2', tract: 4431, patch: 17, visit: 924086, ...})(modelPsfMatch.py:358) - Psf-match science exposure to reference
INFO 2023-06-03T00:24:35.339+00:00 lsst.makeWarp.warpAndPsfMatch.psfMatch (makeWarp:{instrument: 'LSSTCam-imSim', skymap: 'DC2', tract: 4431, patch: 17, visit: 924086, ...})(modelPsfMatch.py:373) - done
INFO 2023-06-03T00:24:35.361+00:00 lsst.makeWarp (makeWarp:{instrument: 'LSSTCam-imSim', skymap: 'DC2', tract: 4431, patch: 17, visit: 924086, ...})(makeWarp.py:448) - Processing calexp 4 of 5 for this Warp: id={instrument: 'LSSTCam-imSim', detector: 142, visit: 924086, ...}
INFO 2023-06-03T00:24:47.378+00:00 lsst.makeWarp.warpAndPsfMatch.psfMatch (makeWarp:{instrument: 'LSSTCam-imSim', skymap: 'DC2', tract: 4431, patch: 17, visit: 924086, ...})(modelPsfMatch.py:335) - compute Psf-matching kernel
INFO 2023-06-03T00:24:48.172+00:00 lsst.makeWarp.warpAndPsfMatch.psfMatch (makeWarp:{instrument: 'LSSTCam-imSim', skymap: 'DC2', tract: 4431, patch: 17, visit: 924086, ...})(modelPsfMatch.py:483) - Adjusted dimensions of reference PSF model from (23, 23) to (57, 57)
INFO 2023-06-03T00:24:50.269+00:00 lsst.ip.diffim.generateAlardLuptonBasisList (makeWarp:{instrument: 'LSSTCam-imSim', skymap: 'DC2', tract: 4431, patch: 17, visit: 924086, ...})(makeKernelBasisList.py:192) - PSF sigmas are not available or scaling by fwhm disabled, falling back to config values
INFO 2023-06-03T00:25:12.108+00:00 lsst.makeWarp.warpAndPsfMatch.psfMatch (makeWarp:{instrument: 'LSSTCam-imSim', skymap: 'DC2', tract: 4431, patch: 17, visit: 924086, ...})(modelPsfMatch.py:358) - Psf-match science exposure to reference
INFO 2023-06-03T00:25:31.169+00:00 lsst.makeWarp.warpAndPsfMatch.psfMatch (makeWarp:{instrument: 'LSSTCam-imSim', skymap: 'DC2', tract: 4431, patch: 17, visit: 924086, ...})(modelPsfMatch.py:373) - done
INFO 2023-06-03T00:25:31.323+00:00 lsst.makeWarp (makeWarp:{instrument: 'LSSTCam-imSim', skymap: 'DC2', tract: 4431, patch: 17, visit: 924086, ...})(makeWarp.py:448) - Processing calexp 5 of 5 for this Warp: id={instrument: 'LSSTCam-imSim', detector: 143, visit: 924086, ...}
INFO 2023-06-03T00:25:33.211+00:00 lsst.makeWarp.warpAndPsfMatch.psfMatch (makeWarp:{instrument: 'LSSTCam-imSim', skymap: 'DC2', tract: 4431, patch: 17, visit: 924086, ...})(modelPsfMatch.py:335) - compute Psf-matching kernel
INFO 2023-06-03T00:25:33.461+00:00 lsst.makeWarp.warpAndPsfMatch.psfMatch (makeWarp:{instrument: 'LSSTCam-imSim', skymap: 'DC2', tract: 4431, patch: 17, visit: 924086, ...})(modelPsfMatch.py:483) - Adjusted dimensions of reference PSF model from (23, 23) to (57, 57)
INFO 2023-06-03T00:25:34.100+00:00 lsst.ip.diffim.generateAlardLuptonBasisList (makeWarp:{instrument: 'LSSTCam-imSim', skymap: 'DC2', tract: 4431, patch: 17, visit: 924086, ...})(makeKernelBasisList.py:192) - PSF sigmas are not available or scaling by fwhm disabled, falling back to config values
INFO 2023-06-03T00:25:40.736+00:00 lsst.makeWarp.warpAndPsfMatch.psfMatch (makeWarp:{instrument: 'LSSTCam-imSim', skymap: 'DC2', tract: 4431, patch: 17, visit: 924086, ...})(modelPsfMatch.py:358) - Psf-match science exposure to reference
INFO 2023-06-03T00:25:45.964+00:00 lsst.makeWarp.warpAndPsfMatch.psfMatch (makeWarp:{instrument: 'LSSTCam-imSim', skymap: 'DC2', tract: 4431, patch: 17, visit: 924086, ...})(modelPsfMatch.py:373) - done
INFO 2023-06-03T00:25:46.014+00:00 lsst.makeWarp (makeWarp:{instrument: 'LSSTCam-imSim', skymap: 'DC2', tract: 4431, patch: 17, visit: 924086, ...})(makeWarp.py:494) - directWarp has 16136708 good pixels (91.5%)
INFO 2023-06-03T00:25:46.017+00:00 lsst.makeWarp (makeWarp:{instrument: 'LSSTCam-imSim', skymap: 'DC2', tract: 4431, patch: 17, visit: 924086, ...})(makeWarp.py:494) - psfMatchedWarp has 15929402 good pixels (90.3%)
INFO 2023-06-03T00:25:55.066+00:00 lsst.ctrl.mpexec.singleQuantumExecutor (makeWarp:{instrument: 'LSSTCam-imSim', skymap: 'DC2', tract: 4431, patch: 17, visit: 924086, ...})(singleQuantumExecutor.py:232) - Execution of task 'makeWarp' on quantum {instrument: 'LSSTCam-imSim', skymap: 'DC2', tract: 4431, patch: 17, visit: 924086, ...} took 140.071 seconds
INFO 2023-06-03T00:25:55.085+00:00 lsst.ctrl.mpexec.singleQuantumExecutor ()(singleQuantumExecutor.py:654) - Log records could not be stored in this butler because the datastore can not ingest files, empty record list is stored instead.
INFO 2023-06-03T00:25:55.704+00:00 lsst.ctrl.mpexec.mpGraphExecutor ()(mpGraphExecutor.py:518) - Executed 4 quanta successfully, 0 failed and 3 remain out of total 7 quanta.
INFO 2023-06-03T00:25:57.161+00:00 lsst.makeWarp.select (makeWarp:{instrument: 'LSSTCam-imSim', skymap: 'DC2', tract: 4431, patch: 17, visit: 924085, ...})(selectImages.py:228) - Selecting calexp {instrument: 'LSSTCam-imSim', detector: 178, visit: 924085, ...}
INFO 2023-06-03T00:25:58.389+00:00 lsst.makeWarp (makeWarp:{instrument: 'LSSTCam-imSim', skymap: 'DC2', tract: 4431, patch: 17, visit: 924085, ...})(makeWarp.py:448) - Processing calexp 1 of 1 for this Warp: id={instrument: 'LSSTCam-imSim', detector: 178, visit: 924085, ...}
INFO 2023-06-03T00:26:00.857+00:00 lsst.makeWarp.warpAndPsfMatch.psfMatch (makeWarp:{instrument: 'LSSTCam-imSim', skymap: 'DC2', tract: 4431, patch: 17, visit: 924085, ...})(modelPsfMatch.py:335) - compute Psf-matching kernel
INFO 2023-06-03T00:26:01.112+00:00 lsst.makeWarp.warpAndPsfMatch.psfMatch (makeWarp:{instrument: 'LSSTCam-imSim', skymap: 'DC2', tract: 4431, patch: 17, visit: 924085, ...})(modelPsfMatch.py:483) - Adjusted dimensions of reference PSF model from (23, 23) to (57, 57)
INFO 2023-06-03T00:26:01.785+00:00 lsst.ip.diffim.generateAlardLuptonBasisList (makeWarp:{instrument: 'LSSTCam-imSim', skymap: 'DC2', tract: 4431, patch: 17, visit: 924085, ...})(makeKernelBasisList.py:192) - PSF sigmas are not available or scaling by fwhm disabled, falling back to config values
INFO 2023-06-03T00:26:08.881+00:00 lsst.makeWarp.warpAndPsfMatch.psfMatch (makeWarp:{instrument: 'LSSTCam-imSim', skymap: 'DC2', tract: 4431, patch: 17, visit: 924085, ...})(modelPsfMatch.py:358) - Psf-match science exposure to reference
INFO 2023-06-03T00:26:14.372+00:00 lsst.makeWarp.warpAndPsfMatch.psfMatch (makeWarp:{instrument: 'LSSTCam-imSim', skymap: 'DC2', tract: 4431, patch: 17, visit: 924085, ...})(modelPsfMatch.py:373) - done
INFO 2023-06-03T00:26:14.405+00:00 lsst.makeWarp (makeWarp:{instrument: 'LSSTCam-imSim', skymap: 'DC2', tract: 4431, patch: 17, visit: 924085, ...})(makeWarp.py:494) - directWarp has 831332 good pixels (4.7%)
INFO 2023-06-03T00:26:14.407+00:00 lsst.makeWarp (makeWarp:{instrument: 'LSSTCam-imSim', skymap: 'DC2', tract: 4431, patch: 17, visit: 924085, ...})(makeWarp.py:494) - psfMatchedWarp has 805735 good pixels (4.6%)
INFO 2023-06-03T00:26:16.897+00:00 lsst.ctrl.mpexec.singleQuantumExecutor (makeWarp:{instrument: 'LSSTCam-imSim', skymap: 'DC2', tract: 4431, patch: 17, visit: 924085, ...})(singleQuantumExecutor.py:232) - Execution of task 'makeWarp' on quantum {instrument: 'LSSTCam-imSim', skymap: 'DC2', tract: 4431, patch: 17, visit: 924085, ...} took 21.191 seconds
INFO 2023-06-03T00:26:16.913+00:00 lsst.ctrl.mpexec.singleQuantumExecutor ()(singleQuantumExecutor.py:654) - Log records could not be stored in this butler because the datastore can not ingest files, empty record list is stored instead.
INFO 2023-06-03T00:26:17.523+00:00 lsst.ctrl.mpexec.mpGraphExecutor ()(mpGraphExecutor.py:518) - Executed 5 quanta successfully, 0 failed and 2 remain out of total 7 quanta.
INFO 2023-06-03T00:26:26.545+00:00 lsst.makeWarp.select (makeWarp:{instrument: 'LSSTCam-imSim', skymap: 'DC2', tract: 4431, patch: 17, visit: 929477, ...})(selectImages.py:228) - Selecting calexp {instrument: 'LSSTCam-imSim', detector: 52, visit: 929477, ...}
INFO 2023-06-03T00:26:26.546+00:00 lsst.makeWarp.select (makeWarp:{instrument: 'LSSTCam-imSim', skymap: 'DC2', tract: 4431, patch: 17, visit: 929477, ...})(selectImages.py:228) - Selecting calexp {instrument: 'LSSTCam-imSim', detector: 90, visit: 929477, ...}
INFO 2023-06-03T00:26:26.547+00:00 lsst.makeWarp.select (makeWarp:{instrument: 'LSSTCam-imSim', skymap: 'DC2', tract: 4431, patch: 17, visit: 929477, ...})(selectImages.py:228) - Selecting calexp {instrument: 'LSSTCam-imSim', detector: 91, visit: 929477, ...}
INFO 2023-06-03T00:26:26.547+00:00 lsst.makeWarp.select (makeWarp:{instrument: 'LSSTCam-imSim', skymap: 'DC2', tract: 4431, patch: 17, visit: 929477, ...})(selectImages.py:228) - Selecting calexp {instrument: 'LSSTCam-imSim', detector: 92, visit: 929477, ...}
INFO 2023-06-03T00:26:26.547+00:00 lsst.makeWarp.select (makeWarp:{instrument: 'LSSTCam-imSim', skymap: 'DC2', tract: 4431, patch: 17, visit: 929477, ...})(selectImages.py:228) - Selecting calexp {instrument: 'LSSTCam-imSim', detector: 94, visit: 929477, ...}
INFO 2023-06-03T00:26:33.979+00:00 lsst.makeWarp (makeWarp:{instrument: 'LSSTCam-imSim', skymap: 'DC2', tract: 4431, patch: 17, visit: 929477, ...})(makeWarp.py:448) - Processing calexp 1 of 5 for this Warp: id={instrument: 'LSSTCam-imSim', detector: 52, visit: 929477, ...}
INFO 2023-06-03T00:26:35.222+00:00 lsst.makeWarp.warpAndPsfMatch.psfMatch (makeWarp:{instrument: 'LSSTCam-imSim', skymap: 'DC2', tract: 4431, patch: 17, visit: 929477, ...})(modelPsfMatch.py:335) - compute Psf-matching kernel
INFO 2023-06-03T00:26:35.387+00:00 lsst.makeWarp.warpAndPsfMatch.psfMatch (makeWarp:{instrument: 'LSSTCam-imSim', skymap: 'DC2', tract: 4431, patch: 17, visit: 929477, ...})(modelPsfMatch.py:483) - Adjusted dimensions of reference PSF model from (23, 23) to (55, 55)
INFO 2023-06-03T00:26:35.808+00:00 lsst.ip.diffim.generateAlardLuptonBasisList (makeWarp:{instrument: 'LSSTCam-imSim', skymap: 'DC2', tract: 4431, patch: 17, visit: 929477, ...})(makeKernelBasisList.py:192) - PSF sigmas are not available or scaling by fwhm disabled, falling back to config values
INFO 2023-06-03T00:26:39.753+00:00 lsst.makeWarp.warpAndPsfMatch.psfMatch (makeWarp:{instrument: 'LSSTCam-imSim', skymap: 'DC2', tract: 4431, patch: 17, visit: 929477, ...})(modelPsfMatch.py:358) - Psf-match science exposure to reference
INFO 2023-06-03T00:26:42.838+00:00 lsst.makeWarp.warpAndPsfMatch.psfMatch (makeWarp:{instrument: 'LSSTCam-imSim', skymap: 'DC2', tract: 4431, patch: 17, visit: 929477, ...})(modelPsfMatch.py:373) - done
INFO 2023-06-03T00:26:42.857+00:00 lsst.makeWarp (makeWarp:{instrument: 'LSSTCam-imSim', skymap: 'DC2', tract: 4431, patch: 17, visit: 929477, ...})(makeWarp.py:448) - Processing calexp 2 of 5 for this Warp: id={instrument: 'LSSTCam-imSim', detector: 90, visit: 929477, ...}
INFO 2023-06-03T00:26:45.497+00:00 lsst.makeWarp.warpAndPsfMatch.psfMatch (makeWarp:{instrument: 'LSSTCam-imSim', skymap: 'DC2', tract: 4431, patch: 17, visit: 929477, ...})(modelPsfMatch.py:335) - compute Psf-matching kernel
INFO 2023-06-03T00:26:45.783+00:00 lsst.makeWarp.warpAndPsfMatch.psfMatch (makeWarp:{instrument: 'LSSTCam-imSim', skymap: 'DC2', tract: 4431, patch: 17, visit: 929477, ...})(modelPsfMatch.py:483) - Adjusted dimensions of reference PSF model from (23, 23) to (55, 55)
INFO 2023-06-03T00:26:46.497+00:00 lsst.ip.diffim.generateAlardLuptonBasisList (makeWarp:{instrument: 'LSSTCam-imSim', skymap: 'DC2', tract: 4431, patch: 17, visit: 929477, ...})(makeKernelBasisList.py:192) - PSF sigmas are not available or scaling by fwhm disabled, falling back to config values
INFO 2023-06-03T00:26:52.983+00:00 lsst.makeWarp.warpAndPsfMatch.psfMatch (makeWarp:{instrument: 'LSSTCam-imSim', skymap: 'DC2', tract: 4431, patch: 17, visit: 929477, ...})(modelPsfMatch.py:358) - Psf-match science exposure to reference
INFO 2023-06-03T00:26:58.942+00:00 lsst.makeWarp.warpAndPsfMatch.psfMatch (makeWarp:{instrument: 'LSSTCam-imSim', skymap: 'DC2', tract: 4431, patch: 17, visit: 929477, ...})(modelPsfMatch.py:373) - done
INFO 2023-06-03T00:26:58.985+00:00 lsst.makeWarp (makeWarp:{instrument: 'LSSTCam-imSim', skymap: 'DC2', tract: 4431, patch: 17, visit: 929477, ...})(makeWarp.py:448) - Processing calexp 3 of 5 for this Warp: id={instrument: 'LSSTCam-imSim', detector: 91, visit: 929477, ...}
INFO 2023-06-03T00:27:13.787+00:00 lsst.makeWarp.warpAndPsfMatch.psfMatch (makeWarp:{instrument: 'LSSTCam-imSim', skymap: 'DC2', tract: 4431, patch: 17, visit: 929477, ...})(modelPsfMatch.py:335) - compute Psf-matching kernel
INFO 2023-06-03T00:27:14.767+00:00 lsst.makeWarp.warpAndPsfMatch.psfMatch (makeWarp:{instrument: 'LSSTCam-imSim', skymap: 'DC2', tract: 4431, patch: 17, visit: 929477, ...})(modelPsfMatch.py:483) - Adjusted dimensions of reference PSF model from (23, 23) to (55, 55)
INFO 2023-06-03T00:27:17.255+00:00 lsst.ip.diffim.generateAlardLuptonBasisList (makeWarp:{instrument: 'LSSTCam-imSim', skymap: 'DC2', tract: 4431, patch: 17, visit: 929477, ...})(makeKernelBasisList.py:192) - PSF sigmas are not available or scaling by fwhm disabled, falling back to config values
INFO 2023-06-03T00:27:40.366+00:00 lsst.makeWarp.warpAndPsfMatch.psfMatch (makeWarp:{instrument: 'LSSTCam-imSim', skymap: 'DC2', tract: 4431, patch: 17, visit: 929477, ...})(modelPsfMatch.py:358) - Psf-match science exposure to reference
INFO 2023-06-03T00:28:03.701+00:00 lsst.makeWarp.warpAndPsfMatch.psfMatch (makeWarp:{instrument: 'LSSTCam-imSim', skymap: 'DC2', tract: 4431, patch: 17, visit: 929477, ...})(modelPsfMatch.py:373) - done
INFO 2023-06-03T00:28:03.901+00:00 lsst.makeWarp (makeWarp:{instrument: 'LSSTCam-imSim', skymap: 'DC2', tract: 4431, patch: 17, visit: 929477, ...})(makeWarp.py:448) - Processing calexp 4 of 5 for this Warp: id={instrument: 'LSSTCam-imSim', detector: 92, visit: 929477, ...}
INFO 2023-06-03T00:28:04.400+00:00 lsst.makeWarp.warpAndPsfMatch.psfMatch (makeWarp:{instrument: 'LSSTCam-imSim', skymap: 'DC2', tract: 4431, patch: 17, visit: 929477, ...})(modelPsfMatch.py:335) - compute Psf-matching kernel
INFO 2023-06-03T00:28:04.558+00:00 lsst.makeWarp.warpAndPsfMatch.psfMatch (makeWarp:{instrument: 'LSSTCam-imSim', skymap: 'DC2', tract: 4431, patch: 17, visit: 929477, ...})(modelPsfMatch.py:483) - Adjusted dimensions of reference PSF model from (23, 23) to (55, 55)
INFO 2023-06-03T00:28:04.949+00:00 lsst.ip.diffim.generateAlardLuptonBasisList (makeWarp:{instrument: 'LSSTCam-imSim', skymap: 'DC2', tract: 4431, patch: 17, visit: 929477, ...})(makeKernelBasisList.py:192) - PSF sigmas are not available or scaling by fwhm disabled, falling back to config values
INFO 2023-06-03T00:28:08.496+00:00 lsst.makeWarp.warpAndPsfMatch.psfMatch (makeWarp:{instrument: 'LSSTCam-imSim', skymap: 'DC2', tract: 4431, patch: 17, visit: 929477, ...})(modelPsfMatch.py:358) - Psf-match science exposure to reference
INFO 2023-06-03T00:28:11.180+00:00 lsst.makeWarp.warpAndPsfMatch.psfMatch (makeWarp:{instrument: 'LSSTCam-imSim', skymap: 'DC2', tract: 4431, patch: 17, visit: 929477, ...})(modelPsfMatch.py:373) - done
INFO 2023-06-03T00:28:11.220+00:00 lsst.makeWarp (makeWarp:{instrument: 'LSSTCam-imSim', skymap: 'DC2', tract: 4431, patch: 17, visit: 929477, ...})(makeWarp.py:448) - Processing calexp 5 of 5 for this Warp: id={instrument: 'LSSTCam-imSim', detector: 94, visit: 929477, ...}
INFO 2023-06-03T00:28:13.476+00:00 lsst.makeWarp.warpAndPsfMatch.psfMatch (makeWarp:{instrument: 'LSSTCam-imSim', skymap: 'DC2', tract: 4431, patch: 17, visit: 929477, ...})(modelPsfMatch.py:335) - compute Psf-matching kernel
INFO 2023-06-03T00:28:13.754+00:00 lsst.makeWarp.warpAndPsfMatch.psfMatch (makeWarp:{instrument: 'LSSTCam-imSim', skymap: 'DC2', tract: 4431, patch: 17, visit: 929477, ...})(modelPsfMatch.py:483) - Adjusted dimensions of reference PSF model from (23, 23) to (55, 55)
INFO 2023-06-03T00:28:14.454+00:00 lsst.ip.diffim.generateAlardLuptonBasisList (makeWarp:{instrument: 'LSSTCam-imSim', skymap: 'DC2', tract: 4431, patch: 17, visit: 929477, ...})(makeKernelBasisList.py:192) - PSF sigmas are not available or scaling by fwhm disabled, falling back to config values
INFO 2023-06-03T00:28:20.857+00:00 lsst.makeWarp.warpAndPsfMatch.psfMatch (makeWarp:{instrument: 'LSSTCam-imSim', skymap: 'DC2', tract: 4431, patch: 17, visit: 929477, ...})(modelPsfMatch.py:358) - Psf-match science exposure to reference
INFO 2023-06-03T00:28:26.534+00:00 lsst.makeWarp.warpAndPsfMatch.psfMatch (makeWarp:{instrument: 'LSSTCam-imSim', skymap: 'DC2', tract: 4431, patch: 17, visit: 929477, ...})(modelPsfMatch.py:373) - done
INFO 2023-06-03T00:28:26.577+00:00 lsst.makeWarp (makeWarp:{instrument: 'LSSTCam-imSim', skymap: 'DC2', tract: 4431, patch: 17, visit: 929477, ...})(makeWarp.py:494) - directWarp has 16280498 good pixels (92.3%)
INFO 2023-06-03T00:28:26.580+00:00 lsst.makeWarp (makeWarp:{instrument: 'LSSTCam-imSim', skymap: 'DC2', tract: 4431, patch: 17, visit: 929477, ...})(makeWarp.py:494) - psfMatchedWarp has 16091293 good pixels (91.2%)
INFO 2023-06-03T00:28:34.621+00:00 lsst.ctrl.mpexec.singleQuantumExecutor (makeWarp:{instrument: 'LSSTCam-imSim', skymap: 'DC2', tract: 4431, patch: 17, visit: 929477, ...})(singleQuantumExecutor.py:232) - Execution of task 'makeWarp' on quantum {instrument: 'LSSTCam-imSim', skymap: 'DC2', tract: 4431, patch: 17, visit: 929477, ...} took 137.098 seconds
INFO 2023-06-03T00:28:34.635+00:00 lsst.ctrl.mpexec.singleQuantumExecutor ()(singleQuantumExecutor.py:654) - Log records could not be stored in this butler because the datastore can not ingest files, empty record list is stored instead.
INFO 2023-06-03T00:28:35.268+00:00 lsst.ctrl.mpexec.mpGraphExecutor ()(mpGraphExecutor.py:518) - Executed 6 quanta successfully, 0 failed and 1 remain out of total 7 quanta.
INFO 2023-06-03T00:28:37.399+00:00 lsst.assembleCoadd (assembleCoadd:{band: 'i', skymap: 'DC2', tract: 4431, patch: 17})(assembleCoadd.py:556) - Weight of deepCoadd_directWarp {instrument: 'LSSTCam-imSim', skymap: 'DC2', tract: 4431, patch: 17, visit: 919515, ...} = 3.466
INFO 2023-06-03T00:28:39.533+00:00 lsst.assembleCoadd (assembleCoadd:{band: 'i', skymap: 'DC2', tract: 4431, patch: 17})(assembleCoadd.py:556) - Weight of deepCoadd_directWarp {instrument: 'LSSTCam-imSim', skymap: 'DC2', tract: 4431, patch: 17, visit: 924057, ...} = 4.384
INFO 2023-06-03T00:28:40.450+00:00 lsst.assembleCoadd (assembleCoadd:{band: 'i', skymap: 'DC2', tract: 4431, patch: 17})(assembleCoadd.py:556) - Weight of deepCoadd_directWarp {instrument: 'LSSTCam-imSim', skymap: 'DC2', tract: 4431, patch: 17, visit: 924085, ...} = 4.447
INFO 2023-06-03T00:28:42.431+00:00 lsst.assembleCoadd (assembleCoadd:{band: 'i', skymap: 'DC2', tract: 4431, patch: 17})(assembleCoadd.py:556) - Weight of deepCoadd_directWarp {instrument: 'LSSTCam-imSim', skymap: 'DC2', tract: 4431, patch: 17, visit: 924086, ...} = 4.550
INFO 2023-06-03T00:28:44.460+00:00 lsst.assembleCoadd (assembleCoadd:{band: 'i', skymap: 'DC2', tract: 4431, patch: 17})(assembleCoadd.py:556) - Weight of deepCoadd_directWarp {instrument: 'LSSTCam-imSim', skymap: 'DC2', tract: 4431, patch: 17, visit: 929477, ...} = 4.051
INFO 2023-06-03T00:28:48.889+00:00 lsst.assembleCoadd (assembleCoadd:{band: 'i', skymap: 'DC2', tract: 4431, patch: 17})(assembleCoadd.py:556) - Weight of deepCoadd_directWarp {instrument: 'LSSTCam-imSim', skymap: 'DC2', tract: 4431, patch: 17, visit: 930353, ...} = 3.769
INFO 2023-06-03T00:28:48.890+00:00 lsst.assembleCoadd (assembleCoadd:{band: 'i', skymap: 'DC2', tract: 4431, patch: 17})(assembleCoadd.py:427) - Found 6 deepCoadd_directWarp
INFO 2023-06-03T00:28:50.579+00:00 lsst.assembleCoadd.assembleStaticSkyModel (assembleCoadd:{band: 'i', skymap: 'DC2', tract: 4431, patch: 17})(assembleCoadd.py:556) - Weight of deepCoadd_psfMatchedWarp {instrument: 'LSSTCam-imSim', skymap: 'DC2', tract: 4431, patch: 17, visit: 919515, ...} = 237.689
INFO 2023-06-03T00:28:52.615+00:00 lsst.assembleCoadd.assembleStaticSkyModel (assembleCoadd:{band: 'i', skymap: 'DC2', tract: 4431, patch: 17})(assembleCoadd.py:556) - Weight of deepCoadd_psfMatchedWarp {instrument: 'LSSTCam-imSim', skymap: 'DC2', tract: 4431, patch: 17, visit: 924057, ...} = 303.107
INFO 2023-06-03T00:28:53.618+00:00 lsst.assembleCoadd.assembleStaticSkyModel (assembleCoadd:{band: 'i', skymap: 'DC2', tract: 4431, patch: 17})(assembleCoadd.py:556) - Weight of deepCoadd_psfMatchedWarp {instrument: 'LSSTCam-imSim', skymap: 'DC2', tract: 4431, patch: 17, visit: 924085, ...} = 307.386
INFO 2023-06-03T00:28:55.539+00:00 lsst.assembleCoadd.assembleStaticSkyModel (assembleCoadd:{band: 'i', skymap: 'DC2', tract: 4431, patch: 17})(assembleCoadd.py:556) - Weight of deepCoadd_psfMatchedWarp {instrument: 'LSSTCam-imSim', skymap: 'DC2', tract: 4431, patch: 17, visit: 924086, ...} = 294.087
INFO 2023-06-03T00:28:57.491+00:00 lsst.assembleCoadd.assembleStaticSkyModel (assembleCoadd:{band: 'i', skymap: 'DC2', tract: 4431, patch: 17})(assembleCoadd.py:556) - Weight of deepCoadd_psfMatchedWarp {instrument: 'LSSTCam-imSim', skymap: 'DC2', tract: 4431, patch: 17, visit: 929477, ...} = 350.132
INFO 2023-06-03T00:28:59.748+00:00 lsst.assembleCoadd.assembleStaticSkyModel (assembleCoadd:{band: 'i', skymap: 'DC2', tract: 4431, patch: 17})(assembleCoadd.py:556) - Weight of deepCoadd_psfMatchedWarp {instrument: 'LSSTCam-imSim', skymap: 'DC2', tract: 4431, patch: 17, visit: 930353, ...} = 200.529
INFO 2023-06-03T00:28:59.750+00:00 lsst.assembleCoadd.assembleStaticSkyModel (assembleCoadd:{band: 'i', skymap: 'DC2', tract: 4431, patch: 17})(assembleCoadd.py:427) - Found 6 deepCoadd_psfMatchedWarp
INFO 2023-06-03T00:28:59.751+00:00 lsst.assembleCoadd.assembleStaticSkyModel (assembleCoadd:{band: 'i', skymap: 'DC2', tract: 4431, patch: 17})(assembleCoadd.py:654) - Assembling 6 deepCoadd_psfMatchedWarp
INFO 2023-06-03T00:30:40.137+00:00 lsst.assembleCoadd.assembleStaticSkyModel.interpImage (assembleCoadd:{band: 'i', skymap: 'DC2', tract: 4431, patch: 17})(interpImage.py:184) - Creating psf model for interpolation from fwhm(pixels) = 3.0 [default]
INFO 2023-06-03T00:30:40.388+00:00 lsst.assembleCoadd.assembleStaticSkyModel.interpImage (assembleCoadd:{band: 'i', skymap: 'DC2', tract: 4431, patch: 17})(interpImage.py:120) - fallbackValueType MEDIAN has been set to 0.0018
INFO 2023-06-03T00:30:40.389+00:00 lsst.assembleCoadd.assembleStaticSkyModel.interpImage (assembleCoadd:{band: 'i', skymap: 'DC2', tract: 4431, patch: 17})(interpImage.py:195) - Interpolated over 0 NO_DATA pixels.
INFO 2023-06-03T00:30:43.193+00:00 lsst.assembleCoadd.detectTemplate (assembleCoadd:{band: 'i', skymap: 'DC2', tract: 4431, patch: 17})(detection.py:598) - Detected 2763 positive peaks in 1888 footprints to 5 sigma
INFO 2023-06-03T00:30:45.067+00:00 lsst.assembleCoadd.scaleWarpVariance (assembleCoadd:{band: 'i', skymap: 'DC2', tract: 4431, patch: 17})(scaleVariance.py:130) - Renormalizing variance by 1.146336
INFO 2023-06-03T00:30:45.457+00:00 lsst.assembleCoadd.detect (assembleCoadd:{band: 'i', skymap: 'DC2', tract: 4431, patch: 17})(detection.py:598) - Detected 63 positive peaks in 35 footprints and 39 negative peaks in 24 footprints to 5 sigma
INFO 2023-06-03T00:30:48.128+00:00 lsst.assembleCoadd.scaleWarpVariance (assembleCoadd:{band: 'i', skymap: 'DC2', tract: 4431, patch: 17})(scaleVariance.py:130) - Renormalizing variance by 1.154961
INFO 2023-06-03T00:30:48.525+00:00 lsst.assembleCoadd.detect (assembleCoadd:{band: 'i', skymap: 'DC2', tract: 4431, patch: 17})(detection.py:598) - Detected 10 positive peaks in 4 footprints and 6 negative peaks in 5 footprints to 5 sigma
INFO 2023-06-03T00:30:50.121+00:00 lsst.assembleCoadd.scaleWarpVariance (assembleCoadd:{band: 'i', skymap: 'DC2', tract: 4431, patch: 17})(scaleVariance.py:130) - Renormalizing variance by 1.162910
INFO 2023-06-03T00:30:50.486+00:00 lsst.assembleCoadd.detect (assembleCoadd:{band: 'i', skymap: 'DC2', tract: 4431, patch: 17})(detection.py:598) - Detected 0 positive peaks in 0 footprints and 0 negative peaks in 0 footprints to 5 sigma
INFO 2023-06-03T00:30:53.243+00:00 lsst.assembleCoadd.scaleWarpVariance (assembleCoadd:{band: 'i', skymap: 'DC2', tract: 4431, patch: 17})(scaleVariance.py:130) - Renormalizing variance by 1.150889
INFO 2023-06-03T00:30:53.643+00:00 lsst.assembleCoadd.detect (assembleCoadd:{band: 'i', skymap: 'DC2', tract: 4431, patch: 17})(detection.py:598) - Detected 15 positive peaks in 12 footprints and 34 negative peaks in 20 footprints to 5 sigma
INFO 2023-06-03T00:30:56.278+00:00 lsst.assembleCoadd.scaleWarpVariance (assembleCoadd:{band: 'i', skymap: 'DC2', tract: 4431, patch: 17})(scaleVariance.py:130) - Renormalizing variance by 1.162911
INFO 2023-06-03T00:30:56.687+00:00 lsst.assembleCoadd.detect (assembleCoadd:{band: 'i', skymap: 'DC2', tract: 4431, patch: 17})(detection.py:598) - Detected 725 positive peaks in 151 footprints and 207 negative peaks in 126 footprints to 5 sigma
INFO 2023-06-03T00:30:59.389+00:00 lsst.assembleCoadd.scaleWarpVariance (assembleCoadd:{band: 'i', skymap: 'DC2', tract: 4431, patch: 17})(scaleVariance.py:130) - Renormalizing variance by 1.142096
INFO 2023-06-03T00:30:59.789+00:00 lsst.assembleCoadd.detect (assembleCoadd:{band: 'i', skymap: 'DC2', tract: 4431, patch: 17})(detection.py:598) - Detected 42 positive peaks in 36 footprints and 68 negative peaks in 25 footprints to 5 sigma
INFO 2023-06-03T00:31:00.944+00:00 lsst.assembleCoadd (assembleCoadd:{band: 'i', skymap: 'DC2', tract: 4431, patch: 17})(assembleCoadd.py:654) - Assembling 6 deepCoadd_directWarp
INFO 2023-06-03T00:32:49.703+00:00 lsst.assembleCoadd.interpImage (assembleCoadd:{band: 'i', skymap: 'DC2', tract: 4431, patch: 17})(interpImage.py:184) - Creating psf model for interpolation from fwhm(pixels) = 3.0 [default]
INFO 2023-06-03T00:32:50.029+00:00 lsst.assembleCoadd.interpImage (assembleCoadd:{band: 'i', skymap: 'DC2', tract: 4431, patch: 17})(interpImage.py:120) - fallbackValueType MEDIAN has been set to 0.0159
INFO 2023-06-03T00:32:50.047+00:00 lsst.assembleCoadd.interpImage (assembleCoadd:{band: 'i', skymap: 'DC2', tract: 4431, patch: 17})(interpImage.py:195) - Interpolated over 278 NO_DATA pixels.
INFO 2023-06-03T00:32:55.107+00:00 lsst.ctrl.mpexec.singleQuantumExecutor (assembleCoadd:{band: 'i', skymap: 'DC2', tract: 4431, patch: 17})(singleQuantumExecutor.py:232) - Execution of task 'assembleCoadd' on quantum {band: 'i', skymap: 'DC2', tract: 4431, patch: 17} took 259.838 seconds
INFO 2023-06-03T00:32:55.127+00:00 lsst.ctrl.mpexec.singleQuantumExecutor ()(singleQuantumExecutor.py:654) - Log records could not be stored in this butler because the datastore can not ingest files, empty record list is stored instead.
INFO 2023-06-03T00:32:55.616+00:00 lsst.ctrl.mpexec.mpGraphExecutor ()(mpGraphExecutor.py:518) - Executed 7 quanta successfully, 0 failed and 0 remain out of total 7 quanta.
Sat Jun  3 00:32:56 UTC 2023
