Wed Oct 11 07:37:46 UTC 2023
WARNING 2023-10-11T07:37:48.700+00:00 lsst.resources._resourcePath ()(_resourcePath.py:166) - Possible double encoding of /home/ameisner/test/fresh_pipeline_no_char/nb9b_det_deblend_meas-scarlet.yaml#detection%2CmergeDetections%2Cdeblend%2Cmeasure
WARNING 2023-10-11T07:37:54.644+00:00 py.warnings ()(warnings.py:109) - /opt/lsst/software/stack/stack/miniconda3-py38_4.9.2-4.1.0/Linux64/pipe_tasks/g369a80f31c+b9be13ffc2/python/lsst/pipe/tasks/multiBand.py:261: UserWarning: MeasureMergedCoaddSourcesConnections.defaultTemplates is deprecated and no longer used. Use MeasureMergedCoaddSourcesConfig.inputCatalog.
  warnings.warn("MeasureMergedCoaddSourcesConnections.defaultTemplates is deprecated and no longer used. "

WARNING 2023-10-11T07:37:54.793+00:00 py.warnings ()(warnings.py:109) - /opt/lsst/software/stack/stack/miniconda3-py38_4.9.2-4.1.0/Linux64/pex_config/g71c1dbb2b5+9a7299d786/python/lsst/pex/config/configurableField.py:79: FutureWarning: Call to deprecated class LoadIndexedReferenceObjectsConfig. (This config is no longer used; it will be removed after v25. Please use LoadReferenceObjectsConfig instead.) -- Deprecated since version v25.0.
  value = self._ConfigClass(__name=name, __at=at, __label=label, **storage)

WARNING 2023-10-11T07:37:54.794+00:00 py.warnings ()(warnings.py:109) - /opt/lsst/software/stack/stack/miniconda3-py38_4.9.2-4.1.0/Linux64/pex_config/g71c1dbb2b5+9a7299d786/python/lsst/pex/config/configurableField.py:359: FutureWarning: Call to deprecated class LoadIndexedReferenceObjectsConfig. (This config is no longer used; it will be removed after v25. Please use LoadReferenceObjectsConfig instead.) -- Deprecated since version v25.0.
  value = oldValue.ConfigClass()

INFO 2023-10-11T07:37:55.890+00:00 lsst.ctrl.mpexec.cmdLineFwk ()(cmdLineFwk.py:581) - QuantumGraph contains 4 quanta for 4 tasks, graph ID: '1697009875.8890584-13307'
INFO 2023-10-11T07:38:19.956+00:00 lsst.detection.scaleVariance (detection:{band: 'i', skymap: 'DC2', tract: 4431, patch: 17})(scaleVariance.py:130) - Renormalizing variance by 1.004598
INFO 2023-10-11T07:38:19.992+00:00 lsst.detection.detection (detection:{band: 'i', skymap: 'DC2', tract: 4431, patch: 17})(detection.py:925) - Applying temporary wide background subtraction
INFO 2023-10-11T07:38:23.386+00:00 lsst.detection.detection (detection:{band: 'i', skymap: 'DC2', tract: 4431, patch: 17})(detection.py:598) - Detected 4778 positive peaks in 3570 footprints to 5 sigma
INFO 2023-10-11T07:38:24.347+00:00 lsst.detection.detection.skyObjects (detection:{band: 'i', skymap: 'DC2', tract: 4431, patch: 17})(skyObjects.py:125) - Added 1000 of 1000 requested sky sources (100%)
INFO 2023-10-11T07:38:24.378+00:00 lsst.detection.detection.skyMeasurement (detection:{band: 'i', skymap: 'DC2', tract: 4431, patch: 17})(forcedMeasurement.py:342) - Performing forced measurement on 1000 sources
INFO 2023-10-11T07:38:32.753+00:00 lsst.detection.detection (detection:{band: 'i', skymap: 'DC2', tract: 4431, patch: 17})(dynamicDetection.py:220) - Modifying configured detection threshold by factor 0.767935 to 7.679347
INFO 2023-10-11T07:38:35.136+00:00 lsst.detection.detection (detection:{band: 'i', skymap: 'DC2', tract: 4431, patch: 17})(detection.py:598) - Detected 2934 positive peaks in 2569 footprints to 7.67935 sigma
INFO 2023-10-11T07:38:36.988+00:00 lsst.detection.detection (detection:{band: 'i', skymap: 'DC2', tract: 4431, patch: 17})(detection.py:598) - Detected 3393 positive peaks in 2678 footprints to 7.67935 sigma
INFO 2023-10-11T07:38:37.709+00:00 lsst.detection.detection.skyObjects (detection:{band: 'i', skymap: 'DC2', tract: 4431, patch: 17})(skyObjects.py:125) - Added 1000 of 1000 requested sky sources (100%)
INFO 2023-10-11T07:38:37.739+00:00 lsst.detection.detection.skyMeasurement (detection:{band: 'i', skymap: 'DC2', tract: 4431, patch: 17})(forcedMeasurement.py:342) - Performing forced measurement on 1000 sources
INFO 2023-10-11T07:38:46.436+00:00 lsst.detection.detection (detection:{band: 'i', skymap: 'DC2', tract: 4431, patch: 17})(dynamicDetection.py:280) - Tweaking background by -0.004311 to match sky photometry
INFO 2023-10-11T07:38:51.493+00:00 lsst.ctrl.mpexec.singleQuantumExecutor (detection:{band: 'i', skymap: 'DC2', tract: 4431, patch: 17})(singleQuantumExecutor.py:232) - Execution of task 'detection' on quantum {band: 'i', skymap: 'DC2', tract: 4431, patch: 17} took 34.514 seconds
INFO 2023-10-11T07:38:51.506+00:00 lsst.ctrl.mpexec.singleQuantumExecutor ()(singleQuantumExecutor.py:654) - Log records could not be stored in this butler because the datastore can not ingest files, empty record list is stored instead.
INFO 2023-10-11T07:38:51.987+00:00 lsst.ctrl.mpexec.mpGraphExecutor ()(mpGraphExecutor.py:518) - Executed 1 quanta successfully, 0 failed and 3 remain out of total 4 quanta.
INFO 2023-10-11T07:38:52.626+00:00 lsst.mergeDetections.skyObjects (mergeDetections:{skymap: 'DC2', tract: 4431, patch: 17})(skyObjects.py:125) - Added 100 of 100 requested sky sources (100%)
INFO 2023-10-11T07:38:52.640+00:00 lsst.mergeDetections (mergeDetections:{skymap: 'DC2', tract: 4431, patch: 17})(mergeDetections.py:331) - Merged to 2669 sources
INFO 2023-10-11T07:38:52.689+00:00 lsst.mergeDetections (mergeDetections:{skymap: 'DC2', tract: 4431, patch: 17})(mergeDetections.py:364) - Culled 0 of 3034 peaks
INFO 2023-10-11T07:38:53.276+00:00 lsst.ctrl.mpexec.singleQuantumExecutor (mergeDetections:{skymap: 'DC2', tract: 4431, patch: 17})(singleQuantumExecutor.py:232) - Execution of task 'mergeDetections' on quantum {skymap: 'DC2', tract: 4431, patch: 17} took 1.289 seconds
INFO 2023-10-11T07:38:53.289+00:00 lsst.ctrl.mpexec.singleQuantumExecutor ()(singleQuantumExecutor.py:654) - Log records could not be stored in this butler because the datastore can not ingest files, empty record list is stored instead.
INFO 2023-10-11T07:38:53.768+00:00 lsst.ctrl.mpexec.mpGraphExecutor ()(mpGraphExecutor.py:518) - Executed 2 quanta successfully, 0 failed and 2 remain out of total 4 quanta.
INFO 2023-10-11T07:38:55.431+00:00 lsst.deblend.multibandDeblend (deblend:{skymap: 'DC2', tract: 4431, patch: 17})(scarletDeblendTask.py:973) - Deblending 2669 sources in 1 exposure bands
WARNING 2023-10-11T07:38:55.504+00:00 py.warnings (deblend:{skymap: 'DC2', tract: 4431, patch: 17})(warnings.py:109) - /opt/lsst/software/stack/stack/miniconda3-py38_4.9.2-4.1.0/Linux64/scarlet/gd32b658ba2+4083830bf8/lib/python/scarlet/lite/models.py:119: RuntimeWarning: invalid value encountered in true_divide
  if np.any(edge_flux/edge_mask > self.bg_thresh*self.bg_rms[:, None, None]):

WARNING 2023-10-11T07:40:17.735+00:00 py.warnings (deblend:{skymap: 'DC2', tract: 4431, patch: 17})(warnings.py:109) - /opt/lsst/software/stack/stack/miniconda3-py38_4.9.2-4.1.0/Linux64/scarlet/gd32b658ba2+4083830bf8/lib/python/scarlet/lite/measure.py:35: RuntimeWarning: invalid value encountered in multiply
  denominator = (psfs * noise) * psfs

WARNING 2023-10-11T07:40:17.984+00:00 py.warnings (deblend:{skymap: 'DC2', tract: 4431, patch: 17})(warnings.py:109) - /opt/lsst/software/stack/stack/miniconda3-py38_4.9.2-4.1.0/Linux64/scarlet/gd32b658ba2+4083830bf8/lib/python/scarlet/lite/parameters.py:302: RuntimeWarning: invalid value encountered in true_divide
  _z = self.prox(z - gamma/step * psi * (z-self.x), gamma)

WARNING 2023-10-11T07:40:17.985+00:00 py.warnings (deblend:{skymap: 'DC2', tract: 4431, patch: 17})(warnings.py:109) - /opt/lsst/software/stack/stack/miniconda3-py38_4.9.2-4.1.0/Linux64/scarlet/gd32b658ba2+4083830bf8/lib/python/scarlet/lite/parameters.py:302: RuntimeWarning: invalid value encountered in subtract
  _z = self.prox(z - gamma/step * psi * (z-self.x), gamma)

INFO 2023-10-11T07:40:41.567+00:00 lsst.deblend.multibandDeblend (deblend:{skymap: 'DC2', tract: 4431, patch: 17})(scarletDeblendTask.py:1135) - Deblender results: of 2669 parent sources, 2569 were deblended, creating 2934 children, for a total of 5603 sources
INFO 2023-10-11T07:40:44.764+00:00 lsst.ctrl.mpexec.singleQuantumExecutor (deblend:{skymap: 'DC2', tract: 4431, patch: 17})(singleQuantumExecutor.py:232) - Execution of task 'deblend' on quantum {skymap: 'DC2', tract: 4431, patch: 17} took 110.995 seconds
INFO 2023-10-11T07:40:44.777+00:00 lsst.ctrl.mpexec.singleQuantumExecutor ()(singleQuantumExecutor.py:654) - Log records could not be stored in this butler because the datastore can not ingest files, empty record list is stored instead.
INFO 2023-10-11T07:40:45.289+00:00 lsst.ctrl.mpexec.mpGraphExecutor ()(mpGraphExecutor.py:518) - Executed 3 quanta successfully, 0 failed and 1 remain out of total 4 quanta.
INFO 2023-10-11T07:40:47.920+00:00 lsst.measure.measurement (measure:{band: 'i', skymap: 'DC2', tract: 4431, patch: 17})(sfm.py:298) - Measuring 5603 sources (2669 parents, 2934 children) 
INFO 2023-10-11T07:44:21.163+00:00 lsst.measure.applyApCorr (measure:{band: 'i', skymap: 'DC2', tract: 4431, patch: 17})(applyApCorr.py:244) - Applying aperture corrections to 23 instFlux fields
INFO 2023-10-11T07:44:52.055+00:00 lsst.measure.match.sourceSelection (measure:{band: 'i', skymap: 'DC2', tract: 4431, patch: 17})(sourceSelector.py:560) - Selected 5603/5603 sources
INFO 2023-10-11T07:44:52.056+00:00 lsst.measure (measure:{band: 'i', skymap: 'DC2', tract: 4431, patch: 17})(loadReferenceObjects.py:913) - Loading reference objects from cal_ref_cat_2_2 in region bounded by [55.44608272, 55.92502316], [-32.43443343, -32.02930111] RA Dec
INFO 2023-10-11T07:44:52.346+00:00 lsst.measure (measure:{band: 'i', skymap: 'DC2', tract: 4431, patch: 17})(loadReferenceObjects.py:953) - Loaded 3341 reference objects
INFO 2023-10-11T07:44:52.355+00:00 lsst.measure.match.referenceSelection (measure:{band: 'i', skymap: 'DC2', tract: 4431, patch: 17})(sourceSelector.py:626) - Selected 3341/3341 references
INFO 2023-10-11T07:44:52.359+00:00 lsst.measure.match (measure:{band: 'i', skymap: 'DC2', tract: 4431, patch: 17})(directMatch.py:111) - Matched 1348 from 5603/5603 input and 3341/3341 reference sources
INFO 2023-10-11T07:44:54.430+00:00 lsst.ctrl.mpexec.singleQuantumExecutor (measure:{band: 'i', skymap: 'DC2', tract: 4431, patch: 17})(singleQuantumExecutor.py:232) - Execution of task 'measure' on quantum {band: 'i', skymap: 'DC2', tract: 4431, patch: 17} took 249.141 seconds
INFO 2023-10-11T07:44:54.444+00:00 lsst.ctrl.mpexec.singleQuantumExecutor ()(singleQuantumExecutor.py:654) - Log records could not be stored in this butler because the datastore can not ingest files, empty record list is stored instead.
INFO 2023-10-11T07:44:54.954+00:00 lsst.ctrl.mpexec.mpGraphExecutor ()(mpGraphExecutor.py:518) - Executed 4 quanta successfully, 0 failed and 0 remain out of total 4 quanta.
Wed Oct 11 07:44:56 UTC 2023
