Sun Oct  8 12:54:39 UTC 2023
WARNING 2023-10-08T12:54:42.063+00:00 lsst.resources._resourcePath ()(_resourcePath.py:166) - Possible double encoding of /home/ameisner/test/fresh_pipeline_no_char/nb9b_det_deblend.yaml#detection%2Cdeblend_single
WARNING 2023-10-08T12:54:48.019+00:00 py.warnings ()(warnings.py:109) - /opt/lsst/software/stack/stack/miniconda3-py38_4.9.2-4.1.0/Linux64/pipe_tasks/g369a80f31c+b9be13ffc2/python/lsst/pipe/tasks/multiBand.py:261: UserWarning: MeasureMergedCoaddSourcesConnections.defaultTemplates is deprecated and no longer used. Use MeasureMergedCoaddSourcesConfig.inputCatalog.
  warnings.warn("MeasureMergedCoaddSourcesConnections.defaultTemplates is deprecated and no longer used. "

INFO 2023-10-08T12:54:48.823+00:00 lsst.ctrl.mpexec.cmdLineFwk ()(cmdLineFwk.py:581) - QuantumGraph contains 2 quanta for 2 tasks, graph ID: '1696769688.8225586-3251'
INFO 2023-10-08T12:55:12.489+00:00 lsst.detection.scaleVariance (detection:{band: 'i', skymap: 'DC2', tract: 4431, patch: 17})(scaleVariance.py:130) - Renormalizing variance by 1.004598
INFO 2023-10-08T12:55:12.524+00:00 lsst.detection.detection (detection:{band: 'i', skymap: 'DC2', tract: 4431, patch: 17})(detection.py:925) - Applying temporary wide background subtraction
INFO 2023-10-08T12:55:16.025+00:00 lsst.detection.detection (detection:{band: 'i', skymap: 'DC2', tract: 4431, patch: 17})(detection.py:598) - Detected 4778 positive peaks in 3570 footprints to 5 sigma
INFO 2023-10-08T12:55:16.991+00:00 lsst.detection.detection.skyObjects (detection:{band: 'i', skymap: 'DC2', tract: 4431, patch: 17})(skyObjects.py:125) - Added 1000 of 1000 requested sky sources (100%)
INFO 2023-10-08T12:55:17.021+00:00 lsst.detection.detection.skyMeasurement (detection:{band: 'i', skymap: 'DC2', tract: 4431, patch: 17})(forcedMeasurement.py:342) - Performing forced measurement on 1000 sources
INFO 2023-10-08T12:55:25.712+00:00 lsst.detection.detection (detection:{band: 'i', skymap: 'DC2', tract: 4431, patch: 17})(dynamicDetection.py:220) - Modifying configured detection threshold by factor 0.767935 to 7.679347
INFO 2023-10-08T12:55:28.247+00:00 lsst.detection.detection (detection:{band: 'i', skymap: 'DC2', tract: 4431, patch: 17})(detection.py:598) - Detected 2934 positive peaks in 2569 footprints to 7.67935 sigma
INFO 2023-10-08T12:55:30.129+00:00 lsst.detection.detection (detection:{band: 'i', skymap: 'DC2', tract: 4431, patch: 17})(detection.py:598) - Detected 3393 positive peaks in 2678 footprints to 7.67935 sigma
INFO 2023-10-08T12:55:30.912+00:00 lsst.detection.detection.skyObjects (detection:{band: 'i', skymap: 'DC2', tract: 4431, patch: 17})(skyObjects.py:125) - Added 1000 of 1000 requested sky sources (100%)
INFO 2023-10-08T12:55:30.941+00:00 lsst.detection.detection.skyMeasurement (detection:{band: 'i', skymap: 'DC2', tract: 4431, patch: 17})(forcedMeasurement.py:342) - Performing forced measurement on 1000 sources
INFO 2023-10-08T12:55:39.689+00:00 lsst.detection.detection (detection:{band: 'i', skymap: 'DC2', tract: 4431, patch: 17})(dynamicDetection.py:280) - Tweaking background by -0.004311 to match sky photometry
INFO 2023-10-08T12:55:44.958+00:00 lsst.ctrl.mpexec.singleQuantumExecutor (detection:{band: 'i', skymap: 'DC2', tract: 4431, patch: 17})(singleQuantumExecutor.py:232) - Execution of task 'detection' on quantum {band: 'i', skymap: 'DC2', tract: 4431, patch: 17} took 35.497 seconds
INFO 2023-10-08T12:55:44.974+00:00 lsst.ctrl.mpexec.singleQuantumExecutor ()(singleQuantumExecutor.py:654) - Log records could not be stored in this butler because the datastore can not ingest files, empty record list is stored instead.
INFO 2023-10-08T12:55:45.510+00:00 lsst.ctrl.mpexec.mpGraphExecutor ()(mpGraphExecutor.py:518) - Executed 1 quanta successfully, 0 failed and 1 remain out of total 2 quanta.
INFO 2023-10-08T12:55:48.111+00:00 lsst.deblend_single.singleBandDeblend (deblend_single:{band: 'i', skymap: 'DC2', tract: 4431, patch: 17})(sourceDeblendTask.py:323) - Deblending 10401 sources
INFO 2023-10-08T13:00:28.492+00:00 lsst.deblend_single.singleBandDeblend (deblend_single:{band: 'i', skymap: 'DC2', tract: 4431, patch: 17})(sourceDeblendTask.py:483) - Deblended: of 10401 sources, 4165 were deblended, creating 20489 children, total 30890 sources
INFO 2023-10-08T13:00:31.870+00:00 lsst.ctrl.mpexec.singleQuantumExecutor (deblend_single:{band: 'i', skymap: 'DC2', tract: 4431, patch: 17})(singleQuantumExecutor.py:232) - Execution of task 'deblend_single' on quantum {band: 'i', skymap: 'DC2', tract: 4431, patch: 17} took 286.360 seconds
INFO 2023-10-08T13:00:31.883+00:00 lsst.ctrl.mpexec.singleQuantumExecutor ()(singleQuantumExecutor.py:654) - Log records could not be stored in this butler because the datastore can not ingest files, empty record list is stored instead.
INFO 2023-10-08T13:00:32.457+00:00 lsst.ctrl.mpexec.mpGraphExecutor ()(mpGraphExecutor.py:518) - Executed 2 quanta successfully, 0 failed and 0 remain out of total 2 quanta.
Sun Oct  8 13:00:33 UTC 2023
