Wed Oct 11 01:51:28 UTC 2023
WARNING 2023-10-11T01:51:30.852+00:00 lsst.resources._resourcePath ()(_resourcePath.py:166) - Possible double encoding of /home/ameisner/test/fresh_pipeline_no_char/nb9b_det_deblend_meas-scarlet.yaml#detection%2Cdeblend%2Cmeasure
WARNING 2023-10-11T01:51:36.948+00:00 py.warnings ()(warnings.py:109) - /opt/lsst/software/stack/stack/miniconda3-py38_4.9.2-4.1.0/Linux64/pipe_tasks/g369a80f31c+b9be13ffc2/python/lsst/pipe/tasks/multiBand.py:261: UserWarning: MeasureMergedCoaddSourcesConnections.defaultTemplates is deprecated and no longer used. Use MeasureMergedCoaddSourcesConfig.inputCatalog.
  warnings.warn("MeasureMergedCoaddSourcesConnections.defaultTemplates is deprecated and no longer used. "

WARNING 2023-10-11T01:51:37.095+00:00 py.warnings ()(warnings.py:109) - /opt/lsst/software/stack/stack/miniconda3-py38_4.9.2-4.1.0/Linux64/pex_config/g71c1dbb2b5+9a7299d786/python/lsst/pex/config/configurableField.py:79: FutureWarning: Call to deprecated class LoadIndexedReferenceObjectsConfig. (This config is no longer used; it will be removed after v25. Please use LoadReferenceObjectsConfig instead.) -- Deprecated since version v25.0.
  value = self._ConfigClass(__name=name, __at=at, __label=label, **storage)

WARNING 2023-10-11T01:51:37.096+00:00 py.warnings ()(warnings.py:109) - /opt/lsst/software/stack/stack/miniconda3-py38_4.9.2-4.1.0/Linux64/pex_config/g71c1dbb2b5+9a7299d786/python/lsst/pex/config/configurableField.py:359: FutureWarning: Call to deprecated class LoadIndexedReferenceObjectsConfig. (This config is no longer used; it will be removed after v25. Please use LoadReferenceObjectsConfig instead.) -- Deprecated since version v25.0.
  value = oldValue.ConfigClass()

WARNING 2023-10-11T01:51:37.699+00:00 lsst.pipe.base.graphBuilder ()(graphBuilder.py:789) - No datasets of type finalized_src_table in collection 'u/ameisner/custom_coadd_window1_test1_O/20231008T130712Z'.
WARNING 2023-10-11T01:51:37.699+00:00 lsst.pipe.base.graphBuilder ()(graphBuilder.py:789) - No datasets of type finalized_src_table in collection 'u/ameisner/custom_coadd_window1_test1_O/20231008T125451Z'.
WARNING 2023-10-11T01:51:37.700+00:00 lsst.pipe.base.graphBuilder ()(graphBuilder.py:789) - No datasets of type finalized_src_table in collection 'u/ameisner/custom_coadd_window1_test1_O/20231008T123608Z'.
WARNING 2023-10-11T01:51:37.700+00:00 lsst.pipe.base.graphBuilder ()(graphBuilder.py:789) - No datasets of type finalized_src_table in collection 'u/ameisner/custom_coadd_window1_test1_O/20231008T122459Z'.
WARNING 2023-10-11T01:51:37.700+00:00 lsst.pipe.base.graphBuilder ()(graphBuilder.py:789) - No datasets of type finalized_src_table in collection 'u/ameisner/custom_coadd_window1_test1_O/20231008T122116Z'.
WARNING 2023-10-11T01:51:37.700+00:00 lsst.pipe.base.graphBuilder ()(graphBuilder.py:789) - No datasets of type finalized_src_table in collection 'u/ameisner/custom_coadd_window1_test1_O/20231008T121238Z'.
WARNING 2023-10-11T01:51:37.700+00:00 lsst.pipe.base.graphBuilder ()(graphBuilder.py:789) - No datasets of type finalized_src_table in collection 'u/ameisner/custom_coadd_window1_test1/20230603T084114Z'.
WARNING 2023-10-11T01:51:37.700+00:00 lsst.pipe.base.graphBuilder ()(graphBuilder.py:789) - No datasets of type finalized_src_table in collection '2.2i/runs/DP0.2/w_2022_22/PREOPS-1209/20220601T202430Z'.
WARNING 2023-10-11T01:51:37.700+00:00 lsst.pipe.base.graphBuilder ()(graphBuilder.py:789) - No datasets of type finalized_src_table in collection '2.2i/runs/DP0.2/w_2022_22/PREOPS-1209/20220602T165151Z'.
WARNING 2023-10-11T01:51:37.700+00:00 lsst.pipe.base.graphBuilder ()(graphBuilder.py:789) - No datasets of type finalized_src_table in collection '2.2i/runs/DP0.2/v23_0_2/PREOPS-905/step7/20220501T161443Z'.
WARNING 2023-10-11T01:51:37.700+00:00 lsst.pipe.base.graphBuilder ()(graphBuilder.py:789) - No datasets of type finalized_src_table in collection '2.2i/runs/DP0.2/v23_0_2/PREOPS-905/step6_1/20220512T201515Z'.
WARNING 2023-10-11T01:51:37.700+00:00 lsst.pipe.base.graphBuilder ()(graphBuilder.py:789) - No datasets of type finalized_src_table in collection '2.2i/runs/DP0.2/v23_0_2/PREOPS-905/step6_10/20220514T021220Z'.
WARNING 2023-10-11T01:51:37.700+00:00 lsst.pipe.base.graphBuilder ()(graphBuilder.py:789) - No datasets of type finalized_src_table in collection '2.2i/runs/DP0.2/v23_0_2/PREOPS-905/step6_11/20220514T051259Z'.
WARNING 2023-10-11T01:51:37.700+00:00 lsst.pipe.base.graphBuilder ()(graphBuilder.py:789) - No datasets of type finalized_src_table in collection '2.2i/runs/DP0.2/v23_0_2/PREOPS-905/step6_12/20220514T081014Z'.
WARNING 2023-10-11T01:51:37.700+00:00 lsst.pipe.base.graphBuilder ()(graphBuilder.py:789) - No datasets of type finalized_src_table in collection '2.2i/runs/DP0.2/v23_0_2/PREOPS-905/step6_13/20220514T110509Z'.
WARNING 2023-10-11T01:51:37.700+00:00 lsst.pipe.base.graphBuilder ()(graphBuilder.py:789) - No datasets of type finalized_src_table in collection '2.2i/runs/DP0.2/v23_0_2/PREOPS-905/step6_14/20220514T140812Z'.
WARNING 2023-10-11T01:51:37.701+00:00 lsst.pipe.base.graphBuilder ()(graphBuilder.py:789) - No datasets of type finalized_src_table in collection '2.2i/runs/DP0.2/v23_0_2/PREOPS-905/step6_15/20220514T171751Z'.
WARNING 2023-10-11T01:51:37.701+00:00 lsst.pipe.base.graphBuilder ()(graphBuilder.py:789) - No datasets of type finalized_src_table in collection '2.2i/runs/DP0.2/v23_0_2/PREOPS-905/step6_16/20220514T201929Z'.
WARNING 2023-10-11T01:51:37.701+00:00 lsst.pipe.base.graphBuilder ()(graphBuilder.py:789) - No datasets of type finalized_src_table in collection '2.2i/runs/DP0.2/v23_0_2/PREOPS-905/step6_17/20220514T232440Z'.
WARNING 2023-10-11T01:51:37.701+00:00 lsst.pipe.base.graphBuilder ()(graphBuilder.py:789) - No datasets of type finalized_src_table in collection '2.2i/runs/DP0.2/v23_0_2/PREOPS-905/step6_17/20220516T033516Z'.
WARNING 2023-10-11T01:51:37.701+00:00 lsst.pipe.base.graphBuilder ()(graphBuilder.py:789) - No datasets of type finalized_src_table in collection '2.2i/runs/DP0.2/v23_0_2/PREOPS-905/step6_18/20220515T023234Z'.
WARNING 2023-10-11T01:51:37.701+00:00 lsst.pipe.base.graphBuilder ()(graphBuilder.py:789) - No datasets of type finalized_src_table in collection '2.2i/runs/DP0.2/v23_0_2/PREOPS-905/step6_19/20220515T054618Z'.
WARNING 2023-10-11T01:51:37.701+00:00 lsst.pipe.base.graphBuilder ()(graphBuilder.py:789) - No datasets of type finalized_src_table in collection '2.2i/runs/DP0.2/v23_0_2/PREOPS-905/step6_2/20220513T015911Z'.
WARNING 2023-10-11T01:51:37.701+00:00 lsst.pipe.base.graphBuilder ()(graphBuilder.py:789) - No datasets of type finalized_src_table in collection '2.2i/runs/DP0.2/v23_0_2/PREOPS-905/step6_20/20220515T144944Z'.
WARNING 2023-10-11T01:51:37.701+00:00 lsst.pipe.base.graphBuilder ()(graphBuilder.py:789) - No datasets of type finalized_src_table in collection '2.2i/runs/DP0.2/v23_0_2/PREOPS-905/step6_3/20220513T050000Z'.
WARNING 2023-10-11T01:51:37.701+00:00 lsst.pipe.base.graphBuilder ()(graphBuilder.py:789) - No datasets of type finalized_src_table in collection '2.2i/runs/DP0.2/v23_0_2/PREOPS-905/step6_4/20220515T113417Z'.
WARNING 2023-10-11T01:51:37.701+00:00 lsst.pipe.base.graphBuilder ()(graphBuilder.py:789) - No datasets of type finalized_src_table in collection '2.2i/runs/DP0.2/v23_0_2/PREOPS-905/step6_5/20220513T110250Z'.
WARNING 2023-10-11T01:51:37.701+00:00 lsst.pipe.base.graphBuilder ()(graphBuilder.py:789) - No datasets of type finalized_src_table in collection '2.2i/runs/DP0.2/v23_0_2/PREOPS-905/step6_6/20220513T140400Z'.
WARNING 2023-10-11T01:51:37.702+00:00 lsst.pipe.base.graphBuilder ()(graphBuilder.py:789) - No datasets of type finalized_src_table in collection '2.2i/runs/DP0.2/v23_0_2/PREOPS-905/step6_7/20220513T170841Z'.
WARNING 2023-10-11T01:51:37.702+00:00 lsst.pipe.base.graphBuilder ()(graphBuilder.py:789) - No datasets of type finalized_src_table in collection '2.2i/runs/DP0.2/v23_0_2/PREOPS-905/step6_8/20220513T201047Z'.
WARNING 2023-10-11T01:51:37.702+00:00 lsst.pipe.base.graphBuilder ()(graphBuilder.py:789) - No datasets of type finalized_src_table in collection '2.2i/runs/DP0.2/v23_0_2/PREOPS-905/step6_9/20220513T231122Z'.
WARNING 2023-10-11T01:51:37.702+00:00 lsst.pipe.base.graphBuilder ()(graphBuilder.py:789) - No datasets of type finalized_src_table in collection '2.2i/runs/DP0.2/v23_0_2/PREOPS-905/step5_52/20220511T193037Z'.
WARNING 2023-10-11T01:51:37.702+00:00 lsst.pipe.base.graphBuilder ()(graphBuilder.py:789) - No datasets of type finalized_src_table in collection '2.2i/runs/DP0.2/v23_0_2/PREOPS-905/step5_51/20220511T172849Z'.
WARNING 2023-10-11T01:51:37.702+00:00 lsst.pipe.base.graphBuilder ()(graphBuilder.py:789) - No datasets of type finalized_src_table in collection '2.2i/runs/DP0.2/v23_0_2/PREOPS-905/step5_50/20220511T152602Z'.
WARNING 2023-10-11T01:51:37.702+00:00 lsst.pipe.base.graphBuilder ()(graphBuilder.py:789) - No datasets of type finalized_src_table in collection '2.2i/runs/DP0.2/v23_0_2/PREOPS-905/step5_49/20220511T224921Z'.
WARNING 2023-10-11T01:51:37.702+00:00 lsst.pipe.base.graphBuilder ()(graphBuilder.py:789) - No datasets of type finalized_src_table in collection '2.2i/runs/DP0.2/v23_0_2/PREOPS-905/step5_48/20220511T115326Z'.
WARNING 2023-10-11T01:51:37.702+00:00 lsst.pipe.base.graphBuilder ()(graphBuilder.py:789) - No datasets of type finalized_src_table in collection '2.2i/runs/DP0.2/v23_0_2/PREOPS-905/step5_47/20220511T093215Z'.
WARNING 2023-10-11T01:51:37.702+00:00 lsst.pipe.base.graphBuilder ()(graphBuilder.py:789) - No datasets of type finalized_src_table in collection '2.2i/runs/DP0.2/v23_0_2/PREOPS-905/step5_46/20220511T072551Z'.
WARNING 2023-10-11T01:51:37.702+00:00 lsst.pipe.base.graphBuilder ()(graphBuilder.py:789) - No datasets of type finalized_src_table in collection '2.2i/runs/DP0.2/v23_0_2/PREOPS-905/step5_45/20220511T051607Z'.
WARNING 2023-10-11T01:51:37.702+00:00 lsst.pipe.base.graphBuilder ()(graphBuilder.py:789) - No datasets of type finalized_src_table in collection '2.2i/runs/DP0.2/v23_0_2/PREOPS-905/step5_44/20220511T030333Z'.
WARNING 2023-10-11T01:51:37.702+00:00 lsst.pipe.base.graphBuilder ()(graphBuilder.py:789) - No datasets of type finalized_src_table in collection '2.2i/runs/DP0.2/v23_0_2/PREOPS-905/step5_43/20220511T010324Z'.
WARNING 2023-10-11T01:51:37.703+00:00 lsst.pipe.base.graphBuilder ()(graphBuilder.py:789) - No datasets of type finalized_src_table in collection '2.2i/runs/DP0.2/v23_0_2/PREOPS-905/step5_42/20220510T225220Z'.
WARNING 2023-10-11T01:51:37.703+00:00 lsst.pipe.base.graphBuilder ()(graphBuilder.py:789) - No datasets of type finalized_src_table in collection '2.2i/runs/DP0.2/v23_0_2/PREOPS-905/step5_41/20220510T204315Z'.
WARNING 2023-10-11T01:51:37.703+00:00 lsst.pipe.base.graphBuilder ()(graphBuilder.py:789) - No datasets of type finalized_src_table in collection '2.2i/runs/DP0.2/v23_0_2/PREOPS-905/step5_40/20220510T182122Z'.
WARNING 2023-10-11T01:51:37.703+00:00 lsst.pipe.base.graphBuilder ()(graphBuilder.py:789) - No datasets of type finalized_src_table in collection '2.2i/runs/DP0.2/v23_0_2/PREOPS-905/step5_39/20220510T165619Z'.
WARNING 2023-10-11T01:51:37.703+00:00 lsst.pipe.base.graphBuilder ()(graphBuilder.py:789) - No datasets of type finalized_src_table in collection '2.2i/runs/DP0.2/v23_0_2/PREOPS-905/step5_38/20220510T144157Z'.
WARNING 2023-10-11T01:51:37.703+00:00 lsst.pipe.base.graphBuilder ()(graphBuilder.py:789) - No datasets of type finalized_src_table in collection '2.2i/runs/DP0.2/v23_0_2/PREOPS-905/step5_37/20220510T122823Z'.
WARNING 2023-10-11T01:51:37.703+00:00 lsst.pipe.base.graphBuilder ()(graphBuilder.py:789) - No datasets of type finalized_src_table in collection '2.2i/runs/DP0.2/v23_0_2/PREOPS-905/step5_36/20220510T102009Z'.
WARNING 2023-10-11T01:51:37.703+00:00 lsst.pipe.base.graphBuilder ()(graphBuilder.py:789) - No datasets of type finalized_src_table in collection '2.2i/runs/DP0.2/v23_0_2/PREOPS-905/step5_35/20220510T082734Z'.
WARNING 2023-10-11T01:51:37.703+00:00 lsst.pipe.base.graphBuilder ()(graphBuilder.py:789) - No datasets of type finalized_src_table in collection '2.2i/runs/DP0.2/v23_0_2/PREOPS-905/step5_34/20220510T062419Z'.
WARNING 2023-10-11T01:51:37.703+00:00 lsst.pipe.base.graphBuilder ()(graphBuilder.py:789) - No datasets of type finalized_src_table in collection '2.2i/runs/DP0.2/v23_0_2/PREOPS-905/step5_30/20220511T210005Z'.
WARNING 2023-10-11T01:51:37.703+00:00 lsst.pipe.base.graphBuilder ()(graphBuilder.py:789) - No datasets of type finalized_src_table in collection '2.2i/runs/DP0.2/v23_0_2/PREOPS-905/step5_12/20220507T050423Z'.
WARNING 2023-10-11T01:51:37.703+00:00 lsst.pipe.base.graphBuilder ()(graphBuilder.py:789) - No datasets of type finalized_src_table in collection '2.2i/runs/DP0.2/v23_0_2/PREOPS-905/step5_1/20220512T001721Z'.
WARNING 2023-10-11T01:51:37.704+00:00 lsst.pipe.base.graphBuilder ()(graphBuilder.py:789) - No datasets of type finalized_src_table in collection '2.2i/runs/DP0.2/v23_0_2/PREOPS-905/step5_1/20220503T191629Z'.
WARNING 2023-10-11T01:51:37.704+00:00 lsst.pipe.base.graphBuilder ()(graphBuilder.py:789) - No datasets of type finalized_src_table in collection '2.2i/runs/DP0.2/v23_0_2/PREOPS-905/step5_10/20220506T225821Z'.
WARNING 2023-10-11T01:51:37.704+00:00 lsst.pipe.base.graphBuilder ()(graphBuilder.py:789) - No datasets of type finalized_src_table in collection '2.2i/runs/DP0.2/v23_0_2/PREOPS-905/step5_11/20220507T020003Z'.
WARNING 2023-10-11T01:51:37.704+00:00 lsst.pipe.base.graphBuilder ()(graphBuilder.py:789) - No datasets of type finalized_src_table in collection '2.2i/runs/DP0.2/v23_0_2/PREOPS-905/step5_13/20220507T224408Z'.
WARNING 2023-10-11T01:51:37.704+00:00 lsst.pipe.base.graphBuilder ()(graphBuilder.py:789) - No datasets of type finalized_src_table in collection '2.2i/runs/DP0.2/v23_0_2/PREOPS-905/step5_14/20220508T012319Z'.
WARNING 2023-10-11T01:51:37.704+00:00 lsst.pipe.base.graphBuilder ()(graphBuilder.py:789) - No datasets of type finalized_src_table in collection '2.2i/runs/DP0.2/v23_0_2/PREOPS-905/step5_15/20220508T042652Z'.
WARNING 2023-10-11T01:51:37.704+00:00 lsst.pipe.base.graphBuilder ()(graphBuilder.py:789) - No datasets of type finalized_src_table in collection '2.2i/runs/DP0.2/v23_0_2/PREOPS-905/step5_16/20220508T072602Z'.
WARNING 2023-10-11T01:51:37.704+00:00 lsst.pipe.base.graphBuilder ()(graphBuilder.py:789) - No datasets of type finalized_src_table in collection '2.2i/runs/DP0.2/v23_0_2/PREOPS-905/step5_17/20220508T103019Z'.
WARNING 2023-10-11T01:51:37.704+00:00 lsst.pipe.base.graphBuilder ()(graphBuilder.py:789) - No datasets of type finalized_src_table in collection '2.2i/runs/DP0.2/v23_0_2/PREOPS-905/step5_18/20220508T124926Z'.
WARNING 2023-10-11T01:51:37.704+00:00 lsst.pipe.base.graphBuilder ()(graphBuilder.py:789) - No datasets of type finalized_src_table in collection '2.2i/runs/DP0.2/v23_0_2/PREOPS-905/step5_19/20220508T155145Z'.
WARNING 2023-10-11T01:51:37.704+00:00 lsst.pipe.base.graphBuilder ()(graphBuilder.py:789) - No datasets of type finalized_src_table in collection '2.2i/runs/DP0.2/v23_0_2/PREOPS-905/step5_2/20220505T095134Z'.
WARNING 2023-10-11T01:51:37.704+00:00 lsst.pipe.base.graphBuilder ()(graphBuilder.py:789) - No datasets of type finalized_src_table in collection '2.2i/runs/DP0.2/v23_0_2/PREOPS-905/step5_2/20220505T200125Z'.
WARNING 2023-10-11T01:51:37.704+00:00 lsst.pipe.base.graphBuilder ()(graphBuilder.py:789) - No datasets of type finalized_src_table in collection '2.2i/runs/DP0.2/v23_0_2/PREOPS-905/step5_20/20220508T185905Z'.
WARNING 2023-10-11T01:51:37.705+00:00 lsst.pipe.base.graphBuilder ()(graphBuilder.py:789) - No datasets of type finalized_src_table in collection '2.2i/runs/DP0.2/v23_0_2/PREOPS-905/step5_21/20220508T221147Z'.
WARNING 2023-10-11T01:51:37.705+00:00 lsst.pipe.base.graphBuilder ()(graphBuilder.py:789) - No datasets of type finalized_src_table in collection '2.2i/runs/DP0.2/v23_0_2/PREOPS-905/step5_22/20220509T011312Z'.
WARNING 2023-10-11T01:51:37.705+00:00 lsst.pipe.base.graphBuilder ()(graphBuilder.py:789) - No datasets of type finalized_src_table in collection '2.2i/runs/DP0.2/v23_0_2/PREOPS-905/step5_23/20220509T041228Z'.
WARNING 2023-10-11T01:51:37.705+00:00 lsst.pipe.base.graphBuilder ()(graphBuilder.py:789) - No datasets of type finalized_src_table in collection '2.2i/runs/DP0.2/v23_0_2/PREOPS-905/step5_24/20220509T071757Z'.
WARNING 2023-10-11T01:51:37.705+00:00 lsst.pipe.base.graphBuilder ()(graphBuilder.py:789) - No datasets of type finalized_src_table in collection '2.2i/runs/DP0.2/v23_0_2/PREOPS-905/step5_25/20220509T102239Z'.
WARNING 2023-10-11T01:51:37.705+00:00 lsst.pipe.base.graphBuilder ()(graphBuilder.py:789) - No datasets of type finalized_src_table in collection '2.2i/runs/DP0.2/v23_0_2/PREOPS-905/step5_26/20220509T132805Z'.
WARNING 2023-10-11T01:51:37.705+00:00 lsst.pipe.base.graphBuilder ()(graphBuilder.py:789) - No datasets of type finalized_src_table in collection '2.2i/runs/DP0.2/v23_0_2/PREOPS-905/step5_27/20220509T155625Z'.
WARNING 2023-10-11T01:51:37.705+00:00 lsst.pipe.base.graphBuilder ()(graphBuilder.py:789) - No datasets of type finalized_src_table in collection '2.2i/runs/DP0.2/v23_0_2/PREOPS-905/step5_28/20220509T180251Z'.
WARNING 2023-10-11T01:51:37.705+00:00 lsst.pipe.base.graphBuilder ()(graphBuilder.py:789) - No datasets of type finalized_src_table in collection '2.2i/runs/DP0.2/v23_0_2/PREOPS-905/step5_29/20220509T200842Z'.
WARNING 2023-10-11T01:51:37.705+00:00 lsst.pipe.base.graphBuilder ()(graphBuilder.py:789) - No datasets of type finalized_src_table in collection '2.2i/runs/DP0.2/v23_0_2/PREOPS-905/step5_3/20220505T200225Z'.
WARNING 2023-10-11T01:51:37.705+00:00 lsst.pipe.base.graphBuilder ()(graphBuilder.py:789) - No datasets of type finalized_src_table in collection '2.2i/runs/DP0.2/v23_0_2/PREOPS-905/step5_31/20220509T234815Z'.
WARNING 2023-10-11T01:51:37.705+00:00 lsst.pipe.base.graphBuilder ()(graphBuilder.py:789) - No datasets of type finalized_src_table in collection '2.2i/runs/DP0.2/v23_0_2/PREOPS-905/step5_32/20220510T020028Z'.
WARNING 2023-10-11T01:51:37.706+00:00 lsst.pipe.base.graphBuilder ()(graphBuilder.py:789) - No datasets of type finalized_src_table in collection '2.2i/runs/DP0.2/v23_0_2/PREOPS-905/step5_33/20220510T041257Z'.
WARNING 2023-10-11T01:51:37.706+00:00 lsst.pipe.base.graphBuilder ()(graphBuilder.py:789) - No datasets of type finalized_src_table in collection '2.2i/runs/DP0.2/v23_0_2/PREOPS-905/step5_4/20220505T233000Z'.
WARNING 2023-10-11T01:51:37.706+00:00 lsst.pipe.base.graphBuilder ()(graphBuilder.py:789) - No datasets of type finalized_src_table in collection '2.2i/runs/DP0.2/v23_0_2/PREOPS-905/step5_5/20220506T040307Z'.
WARNING 2023-10-11T01:51:37.706+00:00 lsst.pipe.base.graphBuilder ()(graphBuilder.py:789) - No datasets of type finalized_src_table in collection '2.2i/runs/DP0.2/v23_0_2/PREOPS-905/step5_6/20220506T080709Z'.
WARNING 2023-10-11T01:51:37.706+00:00 lsst.pipe.base.graphBuilder ()(graphBuilder.py:789) - No datasets of type finalized_src_table in collection '2.2i/runs/DP0.2/v23_0_2/PREOPS-905/step5_7/20220506T121157Z'.
WARNING 2023-10-11T01:51:37.706+00:00 lsst.pipe.base.graphBuilder ()(graphBuilder.py:789) - No datasets of type finalized_src_table in collection '2.2i/runs/DP0.2/v23_0_2/PREOPS-905/step5_8/20220506T160546Z'.
WARNING 2023-10-11T01:51:37.706+00:00 lsst.pipe.base.graphBuilder ()(graphBuilder.py:789) - No datasets of type finalized_src_table in collection '2.2i/runs/DP0.2/v23_0_2/PREOPS-905/step5_9/20220506T195012Z'.
WARNING 2023-10-11T01:51:37.706+00:00 lsst.pipe.base.graphBuilder ()(graphBuilder.py:789) - No datasets of type finalized_src_table in collection '2.2i/runs/DP0.2/v23_0_1/PREOPS-905/step4_38/20220429T022751Z'.
WARNING 2023-10-11T01:51:37.706+00:00 lsst.pipe.base.graphBuilder ()(graphBuilder.py:789) - No datasets of type finalized_src_table in collection '2.2i/runs/DP0.2/v23_0_1/PREOPS-905/step4_1/20220419T041129Z'.
WARNING 2023-10-11T01:51:37.706+00:00 lsst.pipe.base.graphBuilder ()(graphBuilder.py:789) - No datasets of type finalized_src_table in collection '2.2i/runs/DP0.2/v23_0_1/PREOPS-905/step4_10/20220429T200139Z'.
WARNING 2023-10-11T01:51:37.706+00:00 lsst.pipe.base.graphBuilder ()(graphBuilder.py:789) - No datasets of type finalized_src_table in collection '2.2i/runs/DP0.2/v23_0_1/PREOPS-905/step4_11/20220430T013535Z'.
WARNING 2023-10-11T01:51:37.706+00:00 lsst.pipe.base.graphBuilder ()(graphBuilder.py:789) - No datasets of type finalized_src_table in collection '2.2i/runs/DP0.2/v23_0_1/PREOPS-905/step4_12/20220430T070958Z'.
WARNING 2023-10-11T01:51:37.706+00:00 lsst.pipe.base.graphBuilder ()(graphBuilder.py:789) - No datasets of type finalized_src_table in collection '2.2i/runs/DP0.2/v23_0_1/PREOPS-905/step4_13/20220422T152623Z'.
WARNING 2023-10-11T01:51:37.707+00:00 lsst.pipe.base.graphBuilder ()(graphBuilder.py:789) - No datasets of type finalized_src_table in collection '2.2i/runs/DP0.2/v23_0_1/PREOPS-905/step4_14/20220423T111506Z'.
WARNING 2023-10-11T01:51:37.707+00:00 lsst.pipe.base.graphBuilder ()(graphBuilder.py:789) - No datasets of type finalized_src_table in collection '2.2i/runs/DP0.2/v23_0_1/PREOPS-905/step4_15/20220423T171322Z'.
WARNING 2023-10-11T01:51:37.707+00:00 lsst.pipe.base.graphBuilder ()(graphBuilder.py:789) - No datasets of type finalized_src_table in collection '2.2i/runs/DP0.2/v23_0_1/PREOPS-905/step4_16/20220423T220848Z'.
WARNING 2023-10-11T01:51:37.707+00:00 lsst.pipe.base.graphBuilder ()(graphBuilder.py:789) - No datasets of type finalized_src_table in collection '2.2i/runs/DP0.2/v23_0_1/PREOPS-905/step4_17/20220424T030657Z'.
WARNING 2023-10-11T01:51:37.707+00:00 lsst.pipe.base.graphBuilder ()(graphBuilder.py:789) - No datasets of type finalized_src_table in collection '2.2i/runs/DP0.2/v23_0_1/PREOPS-905/step4_18/20220424T081202Z'.
WARNING 2023-10-11T01:51:37.707+00:00 lsst.pipe.base.graphBuilder ()(graphBuilder.py:789) - No datasets of type finalized_src_table in collection '2.2i/runs/DP0.2/v23_0_1/PREOPS-905/step4_19/20220424T131819Z'.
WARNING 2023-10-11T01:51:37.707+00:00 lsst.pipe.base.graphBuilder ()(graphBuilder.py:789) - No datasets of type finalized_src_table in collection '2.2i/runs/DP0.2/v23_0_1/PREOPS-905/step4_2/20220419T082436Z'.
WARNING 2023-10-11T01:51:37.707+00:00 lsst.pipe.base.graphBuilder ()(graphBuilder.py:789) - No datasets of type finalized_src_table in collection '2.2i/runs/DP0.2/v23_0_1/PREOPS-905/step4_20/20220424T182451Z'.
WARNING 2023-10-11T01:51:37.707+00:00 lsst.pipe.base.graphBuilder ()(graphBuilder.py:789) - No datasets of type finalized_src_table in collection '2.2i/runs/DP0.2/v23_0_1/PREOPS-905/step4_21/20220425T033108Z'.
WARNING 2023-10-11T01:51:37.707+00:00 lsst.pipe.base.graphBuilder ()(graphBuilder.py:789) - No datasets of type finalized_src_table in collection '2.2i/runs/DP0.2/v23_0_1/PREOPS-905/step4_22/20220425T090248Z'.
WARNING 2023-10-11T01:51:37.707+00:00 lsst.pipe.base.graphBuilder ()(graphBuilder.py:789) - No datasets of type finalized_src_table in collection '2.2i/runs/DP0.2/v23_0_1/PREOPS-905/step4_23/20220425T143818Z'.
WARNING 2023-10-11T01:51:37.707+00:00 lsst.pipe.base.graphBuilder ()(graphBuilder.py:789) - No datasets of type finalized_src_table in collection '2.2i/runs/DP0.2/v23_0_1/PREOPS-905/step4_24/20220425T200112Z'.
WARNING 2023-10-11T01:51:37.707+00:00 lsst.pipe.base.graphBuilder ()(graphBuilder.py:789) - No datasets of type finalized_src_table in collection '2.2i/runs/DP0.2/v23_0_1/PREOPS-905/step4_25/20220426T012543Z'.
WARNING 2023-10-11T01:51:37.708+00:00 lsst.pipe.base.graphBuilder ()(graphBuilder.py:789) - No datasets of type finalized_src_table in collection '2.2i/runs/DP0.2/v23_0_1/PREOPS-905/step4_26/20220426T070107Z'.
WARNING 2023-10-11T01:51:37.708+00:00 lsst.pipe.base.graphBuilder ()(graphBuilder.py:789) - No datasets of type finalized_src_table in collection '2.2i/runs/DP0.2/v23_0_1/PREOPS-905/step4_27/20220426T123155Z'.
WARNING 2023-10-11T01:51:37.708+00:00 lsst.pipe.base.graphBuilder ()(graphBuilder.py:789) - No datasets of type finalized_src_table in collection '2.2i/runs/DP0.2/v23_0_1/PREOPS-905/step4_28/20220426T180134Z'.
WARNING 2023-10-11T01:51:37.708+00:00 lsst.pipe.base.graphBuilder ()(graphBuilder.py:789) - No datasets of type finalized_src_table in collection '2.2i/runs/DP0.2/v23_0_1/PREOPS-905/step4_29/20220426T233505Z'.
WARNING 2023-10-11T01:51:37.708+00:00 lsst.pipe.base.graphBuilder ()(graphBuilder.py:789) - No datasets of type finalized_src_table in collection '2.2i/runs/DP0.2/v23_0_1/PREOPS-905/step4_3/20220419T123328Z'.
WARNING 2023-10-11T01:51:37.708+00:00 lsst.pipe.base.graphBuilder ()(graphBuilder.py:789) - No datasets of type finalized_src_table in collection '2.2i/runs/DP0.2/v23_0_1/PREOPS-905/step4_30/20220427T050650Z'.
WARNING 2023-10-11T01:51:37.708+00:00 lsst.pipe.base.graphBuilder ()(graphBuilder.py:789) - No datasets of type finalized_src_table in collection '2.2i/runs/DP0.2/v23_0_1/PREOPS-905/step4_31/20220427T103906Z'.
WARNING 2023-10-11T01:51:37.708+00:00 lsst.pipe.base.graphBuilder ()(graphBuilder.py:789) - No datasets of type finalized_src_table in collection '2.2i/runs/DP0.2/v23_0_1/PREOPS-905/step4_32/20220427T161652Z'.
WARNING 2023-10-11T01:51:37.708+00:00 lsst.pipe.base.graphBuilder ()(graphBuilder.py:789) - No datasets of type finalized_src_table in collection '2.2i/runs/DP0.2/v23_0_1/PREOPS-905/step4_33/20220427T215556Z'.
WARNING 2023-10-11T01:51:37.708+00:00 lsst.pipe.base.graphBuilder ()(graphBuilder.py:789) - No datasets of type finalized_src_table in collection '2.2i/runs/DP0.2/v23_0_1/PREOPS-905/step4_34/20220428T033022Z'.
WARNING 2023-10-11T01:51:37.708+00:00 lsst.pipe.base.graphBuilder ()(graphBuilder.py:789) - No datasets of type finalized_src_table in collection '2.2i/runs/DP0.2/v23_0_1/PREOPS-905/step4_35/20220428T091545Z'.
WARNING 2023-10-11T01:51:37.708+00:00 lsst.pipe.base.graphBuilder ()(graphBuilder.py:789) - No datasets of type finalized_src_table in collection '2.2i/runs/DP0.2/v23_0_1/PREOPS-905/step4_36/20220428T145517Z'.
WARNING 2023-10-11T01:51:37.709+00:00 lsst.pipe.base.graphBuilder ()(graphBuilder.py:789) - No datasets of type finalized_src_table in collection '2.2i/runs/DP0.2/v23_0_1/PREOPS-905/step4_37/20220428T203907Z'.
WARNING 2023-10-11T01:51:37.709+00:00 lsst.pipe.base.graphBuilder ()(graphBuilder.py:789) - No datasets of type finalized_src_table in collection '2.2i/runs/DP0.2/v23_0_1/PREOPS-905/step4_39/20220429T081628Z'.
WARNING 2023-10-11T01:51:37.709+00:00 lsst.pipe.base.graphBuilder ()(graphBuilder.py:789) - No datasets of type finalized_src_table in collection '2.2i/runs/DP0.2/v23_0_1/PREOPS-905/step4_4/20220419T163046Z'.
WARNING 2023-10-11T01:51:37.709+00:00 lsst.pipe.base.graphBuilder ()(graphBuilder.py:789) - No datasets of type finalized_src_table in collection '2.2i/runs/DP0.2/v23_0_1/PREOPS-905/step4_40/20220429T135816Z'.
WARNING 2023-10-11T01:51:37.709+00:00 lsst.pipe.base.graphBuilder ()(graphBuilder.py:789) - No datasets of type finalized_src_table in collection '2.2i/runs/DP0.2/v23_0_1/PREOPS-905/step4_5/20220419T204203Z'.
WARNING 2023-10-11T01:51:37.709+00:00 lsst.pipe.base.graphBuilder ()(graphBuilder.py:789) - No datasets of type finalized_src_table in collection '2.2i/runs/DP0.2/v23_0_1/PREOPS-905/step4_6/20220420T005103Z'.
WARNING 2023-10-11T01:51:37.709+00:00 lsst.pipe.base.graphBuilder ()(graphBuilder.py:789) - No datasets of type finalized_src_table in collection '2.2i/runs/DP0.2/v23_0_1/PREOPS-905/step4_7/20220420T173758Z'.
WARNING 2023-10-11T01:51:37.709+00:00 lsst.pipe.base.graphBuilder ()(graphBuilder.py:789) - No datasets of type finalized_src_table in collection '2.2i/runs/DP0.2/v23_0_1/PREOPS-905/step4_8/20220420T233604Z'.
WARNING 2023-10-11T01:51:37.709+00:00 lsst.pipe.base.graphBuilder ()(graphBuilder.py:789) - No datasets of type finalized_src_table in collection '2.2i/runs/DP0.2/v23_0_1/PREOPS-905/step4_9/20220421T052720Z'.
WARNING 2023-10-11T01:51:37.709+00:00 lsst.pipe.base.graphBuilder ()(graphBuilder.py:789) - No datasets of type finalized_src_table in collection '2.2i/runs/DP0.2/v23_0_1/PREOPS-905/step3_32/20220418T184335Z'.
WARNING 2023-10-11T01:51:37.709+00:00 lsst.pipe.base.graphBuilder ()(graphBuilder.py:789) - No datasets of type finalized_src_table in collection '2.2i/runs/DP0.2/v23_0_1/PREOPS-905/step3_32/20220418T180525Z'.
WARNING 2023-10-11T01:51:37.709+00:00 lsst.pipe.base.graphBuilder ()(graphBuilder.py:789) - No datasets of type finalized_src_table in collection '2.2i/runs/DP0.2/v23_0_1/PREOPS-905/step3_32/20220418T172818Z'.
WARNING 2023-10-11T01:51:37.709+00:00 lsst.pipe.base.graphBuilder ()(graphBuilder.py:789) - No datasets of type finalized_src_table in collection '2.2i/runs/DP0.2/v23_0_1/PREOPS-905/step3_32/20220418T165935Z'.
WARNING 2023-10-11T01:51:37.710+00:00 lsst.pipe.base.graphBuilder ()(graphBuilder.py:789) - No datasets of type finalized_src_table in collection '2.2i/runs/DP0.2/v23_0_1/PREOPS-905/step3_32/20220418T165845Z'.
WARNING 2023-10-11T01:51:37.710+00:00 lsst.pipe.base.graphBuilder ()(graphBuilder.py:789) - No datasets of type finalized_src_table in collection '2.2i/runs/DP0.2/v23_0_1/PREOPS-905/step3_9/20220405T164242Z'.
WARNING 2023-10-11T01:51:37.710+00:00 lsst.pipe.base.graphBuilder ()(graphBuilder.py:789) - No datasets of type finalized_src_table in collection '2.2i/runs/DP0.2/v23_0_1/PREOPS-905/step3_9/20220330T170001Z'.
WARNING 2023-10-11T01:51:37.710+00:00 lsst.pipe.base.graphBuilder ()(graphBuilder.py:789) - No datasets of type finalized_src_table in collection '2.2i/runs/DP0.2/v23_0_1/PREOPS-905/step3_7/20220330T145650Z'.
WARNING 2023-10-11T01:51:37.710+00:00 lsst.pipe.base.graphBuilder ()(graphBuilder.py:789) - No datasets of type finalized_src_table in collection '2.2i/runs/DP0.2/v23_0_1/PREOPS-905/step3_5/20220329T232416Z'.
WARNING 2023-10-11T01:51:37.710+00:00 lsst.pipe.base.graphBuilder ()(graphBuilder.py:789) - No datasets of type finalized_src_table in collection '2.2i/runs/DP0.2/v23_0_1/PREOPS-905/step3_32/20220410T153911Z'.
WARNING 2023-10-11T01:51:37.710+00:00 lsst.pipe.base.graphBuilder ()(graphBuilder.py:789) - No datasets of type finalized_src_table in collection '2.2i/runs/DP0.2/v23_0_1/PREOPS-905/step3_32/20220410T130944Z'.
WARNING 2023-10-11T01:51:37.710+00:00 lsst.pipe.base.graphBuilder ()(graphBuilder.py:789) - No datasets of type finalized_src_table in collection '2.2i/runs/DP0.2/v23_0_1/PREOPS-905/step3_32/20220407T030512Z'.
WARNING 2023-10-11T01:51:37.710+00:00 lsst.pipe.base.graphBuilder ()(graphBuilder.py:789) - No datasets of type finalized_src_table in collection '2.2i/runs/DP0.2/v23_0_1/PREOPS-905/step3_20/20220406T145057Z'.
WARNING 2023-10-11T01:51:37.710+00:00 lsst.pipe.base.graphBuilder ()(graphBuilder.py:789) - No datasets of type finalized_src_table in collection '2.2i/runs/DP0.2/v23_0_1/PREOPS-905/step3_20/20220331T124128Z'.
WARNING 2023-10-11T01:51:37.710+00:00 lsst.pipe.base.graphBuilder ()(graphBuilder.py:789) - No datasets of type finalized_src_table in collection '2.2i/runs/DP0.2/v23_0_1/PREOPS-905/step3_19/20220331T110357Z'.
WARNING 2023-10-11T01:51:37.710+00:00 lsst.pipe.base.graphBuilder ()(graphBuilder.py:789) - No datasets of type finalized_src_table in collection '2.2i/runs/DP0.2/v23_0_1/PREOPS-905/step3_18/20220406T130306Z'.
WARNING 2023-10-11T01:51:37.711+00:00 lsst.pipe.base.graphBuilder ()(graphBuilder.py:789) - No datasets of type finalized_src_table in collection '2.2i/runs/DP0.2/v23_0_1/PREOPS-905/step3_18/20220331T084313Z'.
WARNING 2023-10-11T01:51:37.711+00:00 lsst.pipe.base.graphBuilder ()(graphBuilder.py:789) - No datasets of type finalized_src_table in collection '2.2i/runs/DP0.2/v23_0_1/PREOPS-905/step3_17/20220406T111701Z'.
WARNING 2023-10-11T01:51:37.711+00:00 lsst.pipe.base.graphBuilder ()(graphBuilder.py:789) - No datasets of type finalized_src_table in collection '2.2i/runs/DP0.2/v23_0_1/PREOPS-905/step3_17/20220331T063809Z'.
WARNING 2023-10-11T01:51:37.711+00:00 lsst.pipe.base.graphBuilder ()(graphBuilder.py:789) - No datasets of type finalized_src_table in collection '2.2i/runs/DP0.2/v23_0_1/PREOPS-905/step3_16/20220406T095810Z'.
WARNING 2023-10-11T01:51:37.711+00:00 lsst.pipe.base.graphBuilder ()(graphBuilder.py:789) - No datasets of type finalized_src_table in collection '2.2i/runs/DP0.2/v23_0_1/PREOPS-905/step3_16/20220331T050027Z'.
WARNING 2023-10-11T01:51:37.711+00:00 lsst.pipe.base.graphBuilder ()(graphBuilder.py:789) - No datasets of type finalized_src_table in collection '2.2i/runs/DP0.2/v23_0_1/PREOPS-905/step3_15/20220406T081059Z'.
WARNING 2023-10-11T01:51:37.711+00:00 lsst.pipe.base.graphBuilder ()(graphBuilder.py:789) - No datasets of type finalized_src_table in collection '2.2i/runs/DP0.2/v23_0_1/PREOPS-905/step3_15/20220331T025327Z'.
WARNING 2023-10-11T01:51:37.711+00:00 lsst.pipe.base.graphBuilder ()(graphBuilder.py:789) - No datasets of type finalized_src_table in collection '2.2i/runs/DP0.2/v23_0_1/PREOPS-905/step3_14/20220406T063431Z'.
WARNING 2023-10-11T01:51:37.711+00:00 lsst.pipe.base.graphBuilder ()(graphBuilder.py:789) - No datasets of type finalized_src_table in collection '2.2i/runs/DP0.2/v23_0_1/PREOPS-905/step3_14/20220331T004509Z'.
WARNING 2023-10-11T01:51:37.711+00:00 lsst.pipe.base.graphBuilder ()(graphBuilder.py:789) - No datasets of type finalized_src_table in collection '2.2i/runs/DP0.2/v23_0_1/PREOPS-905/step3_13/20220406T045526Z'.
WARNING 2023-10-11T01:51:37.711+00:00 lsst.pipe.base.graphBuilder ()(graphBuilder.py:789) - No datasets of type finalized_src_table in collection '2.2i/runs/DP0.2/v23_0_1/PREOPS-905/step3_13/20220330T224603Z'.
WARNING 2023-10-11T01:51:37.711+00:00 lsst.pipe.base.graphBuilder ()(graphBuilder.py:789) - No datasets of type finalized_src_table in collection '2.2i/runs/DP0.2/v23_0_1/PREOPS-905/step3_12/20220405T182718Z'.
WARNING 2023-10-11T01:51:37.712+00:00 lsst.pipe.base.graphBuilder ()(graphBuilder.py:789) - No datasets of type finalized_src_table in collection '2.2i/runs/DP0.2/v23_0_1/PREOPS-905/step3_12/20220330T204043Z'.
WARNING 2023-10-11T01:51:37.712+00:00 lsst.pipe.base.graphBuilder ()(graphBuilder.py:789) - No datasets of type finalized_src_table in collection '2.2i/runs/DP0.2/v23_0_1/PREOPS-905/step3_11/20220330T190852Z'.
WARNING 2023-10-11T01:51:37.712+00:00 lsst.pipe.base.graphBuilder ()(graphBuilder.py:789) - No datasets of type finalized_src_table in collection '2.2i/runs/DP0.2/v23_0_1/PREOPS-905/step3_27/20220322T202545Z'.
WARNING 2023-10-11T01:51:37.712+00:00 lsst.pipe.base.graphBuilder ()(graphBuilder.py:789) - No datasets of type finalized_src_table in collection '2.2i/runs/DP0.2/v23_0_1/PREOPS-905/step3_4/20220325T122210Z'.
WARNING 2023-10-11T01:51:37.712+00:00 lsst.pipe.base.graphBuilder ()(graphBuilder.py:789) - No datasets of type finalized_src_table in collection '2.2i/runs/DP0.2/v23_0_1/PREOPS-905/step3_29/20220325T223049Z'.
WARNING 2023-10-11T01:51:37.712+00:00 lsst.pipe.base.graphBuilder ()(graphBuilder.py:789) - No datasets of type finalized_src_table in collection '2.2i/runs/DP0.2/v23_0_1/PREOPS-905/step3_26/20220325T204503Z'.
WARNING 2023-10-11T01:51:37.712+00:00 lsst.pipe.base.graphBuilder ()(graphBuilder.py:789) - No datasets of type finalized_src_table in collection '2.2i/runs/DP0.2/v23_0_1/PREOPS-905/step3_25/20220325T190019Z'.
WARNING 2023-10-11T01:51:37.712+00:00 lsst.pipe.base.graphBuilder ()(graphBuilder.py:789) - No datasets of type finalized_src_table in collection '2.2i/runs/DP0.2/v23_0_1/PREOPS-905/step3_24/20220325T174013Z'.
WARNING 2023-10-11T01:51:37.712+00:00 lsst.pipe.base.graphBuilder ()(graphBuilder.py:789) - No datasets of type finalized_src_table in collection '2.2i/runs/DP0.2/v23_0_1/PREOPS-905/step3_23/20220325T155617Z'.
WARNING 2023-10-11T01:51:37.712+00:00 lsst.pipe.base.graphBuilder ()(graphBuilder.py:789) - No datasets of type finalized_src_table in collection '2.2i/runs/DP0.2/v23_0_1/PREOPS-905/step3_22/20220325T141557Z'.
WARNING 2023-10-11T01:51:37.712+00:00 lsst.pipe.base.graphBuilder ()(graphBuilder.py:789) - No datasets of type finalized_src_table in collection '2.2i/runs/DP0.2/v23_0_1/PREOPS-905/step3_2/20220325T104104Z'.
WARNING 2023-10-11T01:51:37.712+00:00 lsst.pipe.base.graphBuilder ()(graphBuilder.py:789) - No datasets of type finalized_src_table in collection '2.2i/runs/DP0.2/v23_0_1/PREOPS-905/step3_1/20220326T032806Z'.
WARNING 2023-10-11T01:51:37.712+00:00 lsst.pipe.base.graphBuilder ()(graphBuilder.py:789) - No datasets of type finalized_src_table in collection '2.2i/runs/DP0.2/v23_0_1/PREOPS-905/step3_8/20220316T205925Z'.
WARNING 2023-10-11T01:51:37.713+00:00 lsst.pipe.base.graphBuilder ()(graphBuilder.py:789) - No datasets of type finalized_src_table in collection '2.2i/runs/DP0.2/v23_0_1/PREOPS-905/step3_6/20220318T134046Z'.
WARNING 2023-10-11T01:51:37.713+00:00 lsst.pipe.base.graphBuilder ()(graphBuilder.py:789) - No datasets of type finalized_src_table in collection '2.2i/runs/DP0.2/v23_0_1/PREOPS-905/step3_27/20220316T171018Z'.
WARNING 2023-10-11T01:51:37.713+00:00 lsst.pipe.base.graphBuilder ()(graphBuilder.py:789) - No datasets of type finalized_src_table in collection '2.2i/runs/DP0.2/v23_0_1/PREOPS-905/step3_1/20220317T233937Z'.
WARNING 2023-10-11T01:51:37.713+00:00 lsst.pipe.base.graphBuilder ()(graphBuilder.py:789) - No datasets of type finalized_src_table in collection '2.2i/runs/DP0.2/v23_0_1/PREOPS-905/step3_6/20220316T192214Z'.
WARNING 2023-10-11T01:51:37.713+00:00 lsst.pipe.base.graphBuilder ()(graphBuilder.py:789) - No datasets of type finalized_src_table in collection '2.2i/runs/DP0.2/v23_0_1/PREOPS-905/step3_10/20220315T122041Z'.
WARNING 2023-10-11T01:51:37.713+00:00 lsst.pipe.base.graphBuilder ()(graphBuilder.py:789) - No datasets of type finalized_src_table in collection '2.2i/runs/DP0.2/v23_0_1/PREOPS-905/step3_8/20220309T160814Z'.
WARNING 2023-10-11T01:51:37.713+00:00 lsst.pipe.base.graphBuilder ()(graphBuilder.py:789) - No datasets of type finalized_src_table in collection '2.2i/runs/DP0.2/v23_0_1/PREOPS-905/step3_6/20220309T170243Z'.
WARNING 2023-10-11T01:51:37.713+00:00 lsst.pipe.base.graphBuilder ()(graphBuilder.py:789) - No datasets of type finalized_src_table in collection '2.2i/runs/DP0.2/v23_0_1/PREOPS-905/step3_4/20220315T051405Z'.
WARNING 2023-10-11T01:51:37.713+00:00 lsst.pipe.base.graphBuilder ()(graphBuilder.py:789) - No datasets of type finalized_src_table in collection '2.2i/runs/DP0.2/v23_0_1/PREOPS-905/step3_4/20220309T042312Z'.
WARNING 2023-10-11T01:51:37.713+00:00 lsst.pipe.base.graphBuilder ()(graphBuilder.py:789) - No datasets of type finalized_src_table in collection '2.2i/runs/DP0.2/v23_0_1/PREOPS-905/step3_31/20220314T212509Z'.
WARNING 2023-10-11T01:51:37.713+00:00 lsst.pipe.base.graphBuilder ()(graphBuilder.py:789) - No datasets of type finalized_src_table in collection '2.2i/runs/DP0.2/v23_0_1/PREOPS-905/step3_31/20220307T050825Z'.
WARNING 2023-10-11T01:51:37.713+00:00 lsst.pipe.base.graphBuilder ()(graphBuilder.py:789) - No datasets of type finalized_src_table in collection '2.2i/runs/DP0.2/v23_0_1/PREOPS-905/step3_30/20220314T194916Z'.
WARNING 2023-10-11T01:51:37.714+00:00 lsst.pipe.base.graphBuilder ()(graphBuilder.py:789) - No datasets of type finalized_src_table in collection '2.2i/runs/DP0.2/v23_0_1/PREOPS-905/step3_30/20220306T160359Z'.
WARNING 2023-10-11T01:51:37.714+00:00 lsst.pipe.base.graphBuilder ()(graphBuilder.py:789) - No datasets of type finalized_src_table in collection '2.2i/runs/DP0.2/v23_0_1/PREOPS-905/step3_3/20220315T012904Z'.
WARNING 2023-10-11T01:51:37.714+00:00 lsst.pipe.base.graphBuilder ()(graphBuilder.py:789) - No datasets of type finalized_src_table in collection '2.2i/runs/DP0.2/v23_0_1/PREOPS-905/step3_3/20220309T040429Z'.
WARNING 2023-10-11T01:51:37.714+00:00 lsst.pipe.base.graphBuilder ()(graphBuilder.py:789) - No datasets of type finalized_src_table in collection '2.2i/runs/DP0.2/v23_0_1/PREOPS-905/step3_29/20220314T204515Z'.
WARNING 2023-10-11T01:51:37.714+00:00 lsst.pipe.base.graphBuilder ()(graphBuilder.py:789) - No datasets of type finalized_src_table in collection '2.2i/runs/DP0.2/v23_0_1/PREOPS-905/step3_29/20220306T172459Z'.
WARNING 2023-10-11T01:51:37.714+00:00 lsst.pipe.base.graphBuilder ()(graphBuilder.py:789) - No datasets of type finalized_src_table in collection '2.2i/runs/DP0.2/v23_0_1/PREOPS-905/step3_28/20220314T185100Z'.
WARNING 2023-10-11T01:51:37.714+00:00 lsst.pipe.base.graphBuilder ()(graphBuilder.py:789) - No datasets of type finalized_src_table in collection '2.2i/runs/DP0.2/v23_0_1/PREOPS-905/step3_28/20220306T041600Z'.
WARNING 2023-10-11T01:51:37.714+00:00 lsst.pipe.base.graphBuilder ()(graphBuilder.py:789) - No datasets of type finalized_src_table in collection '2.2i/runs/DP0.2/v23_0_1/PREOPS-905/step3_27/20220306T050001Z'.
WARNING 2023-10-11T01:51:37.714+00:00 lsst.pipe.base.graphBuilder ()(graphBuilder.py:789) - No datasets of type finalized_src_table in collection '2.2i/runs/DP0.2/v23_0_1/PREOPS-905/step3_26/20220305T162808Z'.
WARNING 2023-10-11T01:51:37.714+00:00 lsst.pipe.base.graphBuilder ()(graphBuilder.py:789) - No datasets of type finalized_src_table in collection '2.2i/runs/DP0.2/v23_0_1/PREOPS-905/step3_25/20220305T164554Z'.
WARNING 2023-10-11T01:51:37.714+00:00 lsst.pipe.base.graphBuilder ()(graphBuilder.py:789) - No datasets of type finalized_src_table in collection '2.2i/runs/DP0.2/v23_0_1/PREOPS-905/step3_24/20220305T052326Z'.
WARNING 2023-10-11T01:51:37.714+00:00 lsst.pipe.base.graphBuilder ()(graphBuilder.py:789) - No datasets of type finalized_src_table in collection '2.2i/runs/DP0.2/v23_0_1/PREOPS-905/step3_23/20220305T044606Z'.
WARNING 2023-10-11T01:51:37.714+00:00 lsst.pipe.base.graphBuilder ()(graphBuilder.py:789) - No datasets of type finalized_src_table in collection '2.2i/runs/DP0.2/v23_0_1/PREOPS-905/step3_22/20220304T174139Z'.
WARNING 2023-10-11T01:51:37.715+00:00 lsst.pipe.base.graphBuilder ()(graphBuilder.py:789) - No datasets of type finalized_src_table in collection '2.2i/runs/DP0.2/v23_0_1/PREOPS-905/step3_21/20220314T170839Z'.
WARNING 2023-10-11T01:51:37.715+00:00 lsst.pipe.base.graphBuilder ()(graphBuilder.py:789) - No datasets of type finalized_src_table in collection '2.2i/runs/DP0.2/v23_0_1/PREOPS-905/step3_21/20220304T163449Z'.
WARNING 2023-10-11T01:51:37.715+00:00 lsst.pipe.base.graphBuilder ()(graphBuilder.py:789) - No datasets of type finalized_src_table in collection '2.2i/runs/DP0.2/v23_0_1/PREOPS-905/step3_2/20220308T164354Z'.
WARNING 2023-10-11T01:51:37.715+00:00 lsst.pipe.base.graphBuilder ()(graphBuilder.py:789) - No datasets of type finalized_src_table in collection '2.2i/runs/DP0.2/v23_0_1/PREOPS-905/step3_10/20220310T050847Z'.
WARNING 2023-10-11T01:51:37.715+00:00 lsst.pipe.base.graphBuilder ()(graphBuilder.py:789) - No datasets of type finalized_src_table in collection '2.2i/runs/DP0.2/v23_0_1/PREOPS-905/step3_1/20220308T153907Z'.
WARNING 2023-10-11T01:51:37.715+00:00 lsst.pipe.base.graphBuilder ()(graphBuilder.py:789) - No datasets of type finalized_src_table in collection '2.2i/runs/DP0.2/v23_0_1/PREOPS-905/step3_11/20220220T032646Z'.
WARNING 2023-10-11T01:51:37.715+00:00 lsst.pipe.base.graphBuilder ()(graphBuilder.py:789) - No datasets of type finalized_src_table in collection '2.2i/runs/DP0.2/v23_0_1/PREOPS-905/step3_12/20220218T172932Z'.
WARNING 2023-10-11T01:51:37.715+00:00 lsst.pipe.base.graphBuilder ()(graphBuilder.py:789) - No datasets of type finalized_src_table in collection '2.2i/runs/DP0.2/v23_0_1/PREOPS-905/step3_13/20220220T142359Z'.
WARNING 2023-10-11T01:51:37.715+00:00 lsst.pipe.base.graphBuilder ()(graphBuilder.py:789) - No datasets of type finalized_src_table in collection '2.2i/runs/DP0.2/v23_0_1/PREOPS-905/step3_13/20220302T190942Z'.
WARNING 2023-10-11T01:51:37.715+00:00 lsst.pipe.base.graphBuilder ()(graphBuilder.py:789) - No datasets of type finalized_src_table in collection '2.2i/runs/DP0.2/v23_0_1/PREOPS-905/step3_14/20220219T051120Z'.
WARNING 2023-10-11T01:51:37.715+00:00 lsst.pipe.base.graphBuilder ()(graphBuilder.py:789) - No datasets of type finalized_src_table in collection '2.2i/runs/DP0.2/v23_0_1/PREOPS-905/step3_15/20220221T015820Z'.
WARNING 2023-10-11T01:51:37.715+00:00 lsst.pipe.base.graphBuilder ()(graphBuilder.py:789) - No datasets of type finalized_src_table in collection '2.2i/runs/DP0.2/v23_0_1/PREOPS-905/step3_15/20220302T200340Z'.
WARNING 2023-10-11T01:51:37.715+00:00 lsst.pipe.base.graphBuilder ()(graphBuilder.py:789) - No datasets of type finalized_src_table in collection '2.2i/runs/DP0.2/v23_0_1/PREOPS-905/step3_16/20220219T164501Z'.
WARNING 2023-10-11T01:51:37.716+00:00 lsst.pipe.base.graphBuilder ()(graphBuilder.py:789) - No datasets of type finalized_src_table in collection '2.2i/runs/DP0.2/v23_0_1/PREOPS-905/step3_16/20220302T210859Z'.
WARNING 2023-10-11T01:51:37.716+00:00 lsst.pipe.base.graphBuilder ()(graphBuilder.py:789) - No datasets of type finalized_src_table in collection '2.2i/runs/DP0.2/v23_0_1/PREOPS-905/step3_17/20220220T035232Z'.
WARNING 2023-10-11T01:51:37.716+00:00 lsst.pipe.base.graphBuilder ()(graphBuilder.py:789) - No datasets of type finalized_src_table in collection '2.2i/runs/DP0.2/v23_0_1/PREOPS-905/step3_18/20220220T153612Z'.
WARNING 2023-10-11T01:51:37.716+00:00 lsst.pipe.base.graphBuilder ()(graphBuilder.py:789) - No datasets of type finalized_src_table in collection '2.2i/runs/DP0.2/v23_0_1/PREOPS-905/step3_19/20220221T031952Z'.
WARNING 2023-10-11T01:51:37.716+00:00 lsst.pipe.base.graphBuilder ()(graphBuilder.py:789) - No datasets of type finalized_src_table in collection '2.2i/runs/DP0.2/v23_0_1/PREOPS-905/step3_19/20220302T215536Z'.
WARNING 2023-10-11T01:51:37.716+00:00 lsst.pipe.base.graphBuilder ()(graphBuilder.py:789) - No datasets of type finalized_src_table in collection '2.2i/runs/DP0.2/v23_0_1/PREOPS-905/step3_20/20220225T211807Z'.
WARNING 2023-10-11T01:51:37.716+00:00 lsst.pipe.base.graphBuilder ()(graphBuilder.py:789) - No datasets of type finalized_src_table in collection '2.2i/runs/DP0.2/v23_0_1/PREOPS-905/step3_20/20220303T145311Z'.
WARNING 2023-10-11T01:51:37.716+00:00 lsst.pipe.base.graphBuilder ()(graphBuilder.py:789) - No datasets of type finalized_src_table in collection '2.2i/runs/DP0.2/v23_0_1/PREOPS-905/step3_5/20220218T163030Z'.
WARNING 2023-10-11T01:51:37.716+00:00 lsst.pipe.base.graphBuilder ()(graphBuilder.py:789) - No datasets of type finalized_src_table in collection '2.2i/runs/DP0.2/v23_0_1/PREOPS-905/step3_7/20220219T040206Z'.
WARNING 2023-10-11T01:51:37.716+00:00 lsst.pipe.base.graphBuilder ()(graphBuilder.py:789) - No datasets of type finalized_src_table in collection '2.2i/runs/DP0.2/v23_0_1/PREOPS-905/step3_9/20220219T154502Z'.
WARNING 2023-10-11T01:51:37.716+00:00 lsst.pipe.base.graphBuilder ()(graphBuilder.py:789) - No datasets of type finalized_src_table in collection '2.2i/runs/DP0.2/v23_0_1/PREOPS-905/step3_9/20220302T181001Z'.
WARNING 2023-10-11T01:51:37.716+00:00 lsst.pipe.base.graphBuilder ()(graphBuilder.py:789) - No datasets of type finalized_src_table in collection '2.2i/runs/DP0.2/v23_0_0_rc5/PREOPS-905/20220124T155505Z'.
WARNING 2023-10-11T01:51:37.717+00:00 lsst.pipe.base.graphBuilder ()(graphBuilder.py:789) - No datasets of type finalized_src_table in collection '2.2i/runs/DP0.2/v23_0_0_rc5/PREOPS-905/20220123T195452Z'.
WARNING 2023-10-11T01:51:37.717+00:00 lsst.pipe.base.graphBuilder ()(graphBuilder.py:789) - No datasets of type finalized_src_table in collection '2.2i/runs/DP0.2/v23_0_0_rc5/PREOPS-905/20220123T001043Z'.
WARNING 2023-10-11T01:51:37.717+00:00 lsst.pipe.base.graphBuilder ()(graphBuilder.py:789) - No datasets of type finalized_src_table in collection '2.2i/runs/DP0.2/v23_0_0_rc5/PREOPS-905/20220122T070559Z'.
WARNING 2023-10-11T01:51:37.717+00:00 lsst.pipe.base.graphBuilder ()(graphBuilder.py:789) - No datasets of type finalized_src_table in collection '2.2i/runs/DP0.2/v23_0_0_rc5/PREOPS-905/20220121T234250Z'.
WARNING 2023-10-11T01:51:37.717+00:00 lsst.pipe.base.graphBuilder ()(graphBuilder.py:789) - No datasets of type finalized_src_table in collection '2.2i/runs/DP0.2/v23_0_0_rc5/PREOPS-905/20220121T191925Z'.
WARNING 2023-10-11T01:51:37.717+00:00 lsst.pipe.base.graphBuilder ()(graphBuilder.py:789) - No datasets of type finalized_src_table in collection '2.2i/runs/DP0.2/v23_0_0_rc5/PREOPS-905/20220121T160922Z'.
WARNING 2023-10-11T01:51:37.717+00:00 lsst.pipe.base.graphBuilder ()(graphBuilder.py:789) - No datasets of type finalized_src_table in collection '2.2i/runs/DP0.2/v23_0_0_rc5/PREOPS-905/20220121T103211Z'.
WARNING 2023-10-11T01:51:37.717+00:00 lsst.pipe.base.graphBuilder ()(graphBuilder.py:789) - No datasets of type finalized_src_table in collection '2.2i/runs/DP0.2/v23_0_0_rc5/PREOPS-905/20220121T081743Z'.
WARNING 2023-10-11T01:51:37.717+00:00 lsst.pipe.base.graphBuilder ()(graphBuilder.py:789) - No datasets of type finalized_src_table in collection '2.2i/runs/DP0.2/v23_0_0_rc5/PREOPS-905/20220121T041501Z'.
WARNING 2023-10-11T01:51:37.717+00:00 lsst.pipe.base.graphBuilder ()(graphBuilder.py:789) - No datasets of type finalized_src_table in collection '2.2i/runs/DP0.2/v23_0_0_rc5/PREOPS-905/20220121T031850Z'.
WARNING 2023-10-11T01:51:37.717+00:00 lsst.pipe.base.graphBuilder ()(graphBuilder.py:789) - No datasets of type finalized_src_table in collection '2.2i/runs/DP0.2/v23_0_0_rc5/PREOPS-905/20220121T003836Z'.
WARNING 2023-10-11T01:51:37.717+00:00 lsst.pipe.base.graphBuilder ()(graphBuilder.py:789) - No datasets of type finalized_src_table in collection '2.2i/runs/DP0.2/v23_0_0_rc5/PREOPS-905/20220120T161430Z'.
WARNING 2023-10-11T01:51:37.718+00:00 lsst.pipe.base.graphBuilder ()(graphBuilder.py:789) - No datasets of type finalized_src_table in collection '2.2i/runs/DP0.2/v23_0_0_rc5/PREOPS-905/20220120T012920Z'.
WARNING 2023-10-11T01:51:37.718+00:00 lsst.pipe.base.graphBuilder ()(graphBuilder.py:789) - No datasets of type finalized_src_table in collection '2.2i/runs/DP0.2/v23_0_0_rc5/PREOPS-905/20220112T143133Z'.
WARNING 2023-10-11T01:51:37.718+00:00 lsst.pipe.base.graphBuilder ()(graphBuilder.py:789) - No datasets of type finalized_src_table in collection '2.2i/runs/DP0.2/v23_0_0_rc5/PREOPS-905/20220112T114604Z'.
WARNING 2023-10-11T01:51:37.718+00:00 lsst.pipe.base.graphBuilder ()(graphBuilder.py:789) - No datasets of type finalized_src_table in collection '2.2i/runs/DP0.2/v23_0_0_rc5/PREOPS-905/20220112T084603Z'.
WARNING 2023-10-11T01:51:37.718+00:00 lsst.pipe.base.graphBuilder ()(graphBuilder.py:789) - No datasets of type finalized_src_table in collection '2.2i/runs/DP0.2/v23_0_0_rc5/PREOPS-905/20220112T054912Z'.
WARNING 2023-10-11T01:51:37.718+00:00 lsst.pipe.base.graphBuilder ()(graphBuilder.py:789) - No datasets of type finalized_src_table in collection '2.2i/runs/DP0.2/v23_0_0_rc5/PREOPS-905/20220112T010001Z'.
WARNING 2023-10-11T01:51:37.718+00:00 lsst.pipe.base.graphBuilder ()(graphBuilder.py:789) - No datasets of type finalized_src_table in collection '2.2i/runs/DP0.2/v23_0_0_rc5/PREOPS-905/20220111T213932Z'.
WARNING 2023-10-11T01:51:37.718+00:00 lsst.pipe.base.graphBuilder ()(graphBuilder.py:789) - No datasets of type finalized_src_table in collection '2.2i/runs/DP0.2/v23_0_0_rc5/PREOPS-905/20220111T175016Z'.
WARNING 2023-10-11T01:51:37.718+00:00 lsst.pipe.base.graphBuilder ()(graphBuilder.py:789) - No datasets of type finalized_src_table in collection '2.2i/runs/DP0.2/v23_0_0_rc5/PREOPS-905/20220111T095828Z'.
WARNING 2023-10-11T01:51:37.718+00:00 lsst.pipe.base.graphBuilder ()(graphBuilder.py:789) - No datasets of type finalized_src_table in collection '2.2i/runs/DP0.2/v23_0_0_rc5/PREOPS-905/20220111T083238Z'.
WARNING 2023-10-11T01:51:37.718+00:00 lsst.pipe.base.graphBuilder ()(graphBuilder.py:789) - No datasets of type finalized_src_table in collection '2.2i/runs/DP0.2/v23_0_0_rc5/PREOPS-905/20220111T071223Z'.
WARNING 2023-10-11T01:51:37.718+00:00 lsst.pipe.base.graphBuilder ()(graphBuilder.py:789) - No datasets of type finalized_src_table in collection '2.2i/runs/DP0.2/v23_0_0_rc5/PREOPS-905/20220111T063729Z'.
WARNING 2023-10-11T01:51:37.718+00:00 lsst.pipe.base.graphBuilder ()(graphBuilder.py:789) - No datasets of type finalized_src_table in collection '2.2i/runs/DP0.2/v23_0_0_rc5/PREOPS-905/20220111T060953Z'.
WARNING 2023-10-11T01:51:37.719+00:00 lsst.pipe.base.graphBuilder ()(graphBuilder.py:789) - No datasets of type finalized_src_table in collection '2.2i/runs/DP0.2/v23_0_0_rc5/PREOPS-905/20220111T054319Z'.
WARNING 2023-10-11T01:51:37.719+00:00 lsst.pipe.base.graphBuilder ()(graphBuilder.py:789) - No datasets of type finalized_src_table in collection '2.2i/runs/DP0.2/v23_0_0_rc5/PREOPS-905/20220111T051546Z'.
WARNING 2023-10-11T01:51:37.719+00:00 lsst.pipe.base.graphBuilder ()(graphBuilder.py:789) - No datasets of type finalized_src_table in collection '2.2i/runs/DP0.2/v23_0_0_rc5/PREOPS-905/20220111T044925Z'.
WARNING 2023-10-11T01:51:37.719+00:00 lsst.pipe.base.graphBuilder ()(graphBuilder.py:789) - No datasets of type finalized_src_table in collection '2.2i/runs/DP0.2/v23_0_0_rc5/PREOPS-905/20220111T041856Z'.
WARNING 2023-10-11T01:51:37.719+00:00 lsst.pipe.base.graphBuilder ()(graphBuilder.py:789) - No datasets of type finalized_src_table in collection '2.2i/runs/DP0.2/v23_0_0_rc5/PREOPS-905/20220110T231306Z'.
WARNING 2023-10-11T01:51:37.719+00:00 lsst.pipe.base.graphBuilder ()(graphBuilder.py:789) - No datasets of type finalized_src_table in collection '2.2i/runs/DP0.2/v23_0_0_rc5/PREOPS-905/20220107T204134Z'.
WARNING 2023-10-11T01:51:37.719+00:00 lsst.pipe.base.graphBuilder ()(graphBuilder.py:789) - No datasets of type finalized_src_table in collection '2.2i/runs/DP0.2/v23_0_0_rc5/PREOPS-905/20220107T163916Z'.
WARNING 2023-10-11T01:51:37.719+00:00 lsst.pipe.base.graphBuilder ()(graphBuilder.py:789) - No datasets of type finalized_src_table in collection '2.2i/runs/DP0.2/v23_0_0_rc5/PREOPS-905/20220104T111833Z'.
WARNING 2023-10-11T01:51:37.719+00:00 lsst.pipe.base.graphBuilder ()(graphBuilder.py:789) - No datasets of type finalized_src_table in collection '2.2i/runs/DP0.2/v23_0_0_rc5/PREOPS-905/20220104T085126Z'.
WARNING 2023-10-11T01:51:37.719+00:00 lsst.pipe.base.graphBuilder ()(graphBuilder.py:789) - No datasets of type finalized_src_table in collection '2.2i/runs/DP0.2/v23_0_0_rc5/PREOPS-905/20220103T202705Z'.
WARNING 2023-10-11T01:51:37.719+00:00 lsst.pipe.base.graphBuilder ()(graphBuilder.py:789) - No datasets of type finalized_src_table in collection '2.2i/runs/DP0.2/v23_0_0_rc5/PREOPS-905/20220104T062817Z'.
WARNING 2023-10-11T01:51:37.719+00:00 lsst.pipe.base.graphBuilder ()(graphBuilder.py:789) - No datasets of type finalized_src_table in collection '2.2i/runs/DP0.2/v23_0_0_rc5/PREOPS-905/20220103T103400Z'.
WARNING 2023-10-11T01:51:37.720+00:00 lsst.pipe.base.graphBuilder ()(graphBuilder.py:789) - No datasets of type finalized_src_table in collection '2.2i/runs/DP0.2/v23_0_0_rc5/PREOPS-905/20220103T010607Z'.
WARNING 2023-10-11T01:51:37.720+00:00 lsst.pipe.base.graphBuilder ()(graphBuilder.py:789) - No datasets of type finalized_src_table in collection '2.2i/runs/DP0.2/v23_0_0_rc5/PREOPS-905/20220102T153518Z'.
WARNING 2023-10-11T01:51:37.720+00:00 lsst.pipe.base.graphBuilder ()(graphBuilder.py:789) - No datasets of type finalized_src_table in collection '2.2i/runs/DP0.2/v23_0_0_rc5/PREOPS-905/20220102T060840Z'.
WARNING 2023-10-11T01:51:37.720+00:00 lsst.pipe.base.graphBuilder ()(graphBuilder.py:789) - No datasets of type finalized_src_table in collection '2.2i/runs/DP0.2/v23_0_0_rc5/PREOPS-905/20220101T211007Z'.
WARNING 2023-10-11T01:51:37.720+00:00 lsst.pipe.base.graphBuilder ()(graphBuilder.py:789) - No datasets of type finalized_src_table in collection '2.2i/runs/DP0.2/v23_0_0_rc5/PREOPS-905/20220101T102006Z'.
WARNING 2023-10-11T01:51:37.720+00:00 lsst.pipe.base.graphBuilder ()(graphBuilder.py:789) - No datasets of type finalized_src_table in collection '2.2i/runs/DP0.2/v23_0_0_rc5/PREOPS-905/20220101T014359Z'.
WARNING 2023-10-11T01:51:37.720+00:00 lsst.pipe.base.graphBuilder ()(graphBuilder.py:789) - No datasets of type finalized_src_table in collection '2.2i/runs/DP0.2/v23_0_0_rc5/PREOPS-905/20211231T121620Z'.
WARNING 2023-10-11T01:51:37.720+00:00 lsst.pipe.base.graphBuilder ()(graphBuilder.py:789) - No datasets of type finalized_src_table in collection '2.2i/runs/DP0.2/v23_0_0_rc5/PREOPS-905/20211231T053432Z'.
WARNING 2023-10-11T01:51:37.720+00:00 lsst.pipe.base.graphBuilder ()(graphBuilder.py:789) - No datasets of type finalized_src_table in collection '2.2i/runs/DP0.2/v23_0_0_rc5/PREOPS-905/20211230T230823Z'.
WARNING 2023-10-11T01:51:37.720+00:00 lsst.pipe.base.graphBuilder ()(graphBuilder.py:789) - No datasets of type finalized_src_table in collection '2.2i/runs/DP0.2/v23_0_0_rc5/PREOPS-905/20211230T164503Z'.
WARNING 2023-10-11T01:51:37.720+00:00 lsst.pipe.base.graphBuilder ()(graphBuilder.py:789) - No datasets of type finalized_src_table in collection '2.2i/runs/DP0.2/v23_0_0_rc5/PREOPS-905/20211230T102720Z'.
WARNING 2023-10-11T01:51:37.720+00:00 lsst.pipe.base.graphBuilder ()(graphBuilder.py:789) - No datasets of type finalized_src_table in collection '2.2i/runs/DP0.2/v23_0_0_rc5/PREOPS-905/20211230T042014Z'.
WARNING 2023-10-11T01:51:37.721+00:00 lsst.pipe.base.graphBuilder ()(graphBuilder.py:789) - No datasets of type finalized_src_table in collection '2.2i/runs/DP0.2/v23_0_0_rc5/PREOPS-905/20211224T153913Z'.
WARNING 2023-10-11T01:51:37.721+00:00 lsst.pipe.base.graphBuilder ()(graphBuilder.py:789) - No datasets of type finalized_src_table in collection '2.2i/runs/DP0.2/v23_0_0_rc5/PREOPS-905/20211224T102944Z'.
WARNING 2023-10-11T01:51:37.721+00:00 lsst.pipe.base.graphBuilder ()(graphBuilder.py:789) - No datasets of type finalized_src_table in collection '2.2i/runs/DP0.2/v23_0_0_rc5/PREOPS-905/20211224T053402Z'.
WARNING 2023-10-11T01:51:37.721+00:00 lsst.pipe.base.graphBuilder ()(graphBuilder.py:789) - No datasets of type finalized_src_table in collection '2.2i/runs/DP0.2/v23_0_0_rc5/PREOPS-905/20211223T204234Z'.
WARNING 2023-10-11T01:51:37.721+00:00 lsst.pipe.base.graphBuilder ()(graphBuilder.py:789) - No datasets of type finalized_src_table in collection '2.2i/runs/DP0.2/v23_0_0_rc5/PREOPS-905/20211223T030157Z'.
WARNING 2023-10-11T01:51:37.721+00:00 lsst.pipe.base.graphBuilder ()(graphBuilder.py:789) - No datasets of type finalized_src_table in collection '2.2i/runs/DP0.2/v23_0_0_rc5/PREOPS-905/20211222T182615Z'.
WARNING 2023-10-11T01:51:37.721+00:00 lsst.pipe.base.graphBuilder ()(graphBuilder.py:789) - No datasets of type finalized_src_table in collection '2.2i/runs/DP0.2/v23_0_0_rc5/PREOPS-905/20211222T122903Z'.
WARNING 2023-10-11T01:51:37.721+00:00 lsst.pipe.base.graphBuilder ()(graphBuilder.py:789) - No datasets of type finalized_src_table in collection '2.2i/runs/DP0.2/v23_0_0_rc5/PREOPS-905/20211222T050757Z'.
WARNING 2023-10-11T01:51:37.721+00:00 lsst.pipe.base.graphBuilder ()(graphBuilder.py:789) - No datasets of type finalized_src_table in collection '2.2i/runs/DP0.2/v23_0_0_rc5/PREOPS-905/20211222T004329Z'.
WARNING 2023-10-11T01:51:37.721+00:00 lsst.pipe.base.graphBuilder ()(graphBuilder.py:789) - No datasets of type finalized_src_table in collection '2.2i/runs/DP0.2/v23_0_0_rc5/PREOPS-905/20211221T170207Z'.
WARNING 2023-10-11T01:51:37.721+00:00 lsst.pipe.base.graphBuilder ()(graphBuilder.py:789) - No datasets of type finalized_src_table in collection '2.2i/runs/DP0.2/v23_0_0_rc5/PREOPS-905/20211221T162728Z'.
WARNING 2023-10-11T01:51:37.721+00:00 lsst.pipe.base.graphBuilder ()(graphBuilder.py:789) - No datasets of type finalized_src_table in collection '2.2i/runs/DP0.2/v23_0_0_rc5/PREOPS-905/20211221T021010Z'.
WARNING 2023-10-11T01:51:37.722+00:00 lsst.pipe.base.graphBuilder ()(graphBuilder.py:789) - No datasets of type finalized_src_table in collection '2.2i/runs/DP0.2/v23_0_0_rc5/PREOPS-905/20211220T214212Z'.
WARNING 2023-10-11T01:51:37.722+00:00 lsst.pipe.base.graphBuilder ()(graphBuilder.py:789) - No datasets of type finalized_src_table in collection '2.2i/runs/DP0.2/v23_0_0_rc5/PREOPS-905/20211220T180923Z'.
WARNING 2023-10-11T01:51:37.722+00:00 lsst.pipe.base.graphBuilder ()(graphBuilder.py:789) - No datasets of type finalized_src_table in collection '2.2i/runs/DP0.2/v23_0_0_rc5/PREOPS-905/20211220T040027Z'.
WARNING 2023-10-11T01:51:37.722+00:00 lsst.pipe.base.graphBuilder ()(graphBuilder.py:789) - No datasets of type finalized_src_table in collection '2.2i/runs/DP0.2/v23_0_0_rc5/PREOPS-905/20211220T000005Z'.
WARNING 2023-10-11T01:51:37.722+00:00 lsst.pipe.base.graphBuilder ()(graphBuilder.py:789) - No datasets of type finalized_src_table in collection '2.2i/runs/DP0.2/v23_0_0_rc5/PREOPS-905/20211219T205411Z'.
WARNING 2023-10-11T01:51:37.722+00:00 lsst.pipe.base.graphBuilder ()(graphBuilder.py:789) - No datasets of type finalized_src_table in collection '2.2i/runs/DP0.2/v23_0_0_rc5/PREOPS-905/20211219T150249Z'.
WARNING 2023-10-11T01:51:37.722+00:00 lsst.pipe.base.graphBuilder ()(graphBuilder.py:789) - No datasets of type finalized_src_table in collection '2.2i/runs/DP0.2/v23_0_0_rc5/PREOPS-905/20211219T033213Z'.
WARNING 2023-10-11T01:51:37.722+00:00 lsst.pipe.base.graphBuilder ()(graphBuilder.py:789) - No datasets of type finalized_src_table in collection '2.2i/runs/DP0.2/v23_0_0_rc5/PREOPS-905/20211218T214417Z'.
WARNING 2023-10-11T01:51:37.722+00:00 lsst.pipe.base.graphBuilder ()(graphBuilder.py:789) - No datasets of type finalized_src_table in collection '2.2i/runs/DP0.2/v23_0_0_rc5/PREOPS-905/20211218T144437Z'.
WARNING 2023-10-11T01:51:37.722+00:00 lsst.pipe.base.graphBuilder ()(graphBuilder.py:789) - No datasets of type finalized_src_table in collection '2.2i/runs/DP0.2/v23_0_0_rc5/PREOPS-905/20211218T041605Z'.
WARNING 2023-10-11T01:51:37.722+00:00 lsst.pipe.base.graphBuilder ()(graphBuilder.py:789) - No datasets of type finalized_src_table in collection '2.2i/runs/DP0.2/v23_0_0_rc5/PREOPS-905/20211218T002844Z'.
WARNING 2023-10-11T01:51:37.722+00:00 lsst.pipe.base.graphBuilder ()(graphBuilder.py:789) - No datasets of type finalized_src_table in collection '2.2i/raw/DR6/WFD'.
WARNING 2023-10-11T01:51:37.723+00:00 lsst.pipe.base.graphBuilder ()(graphBuilder.py:789) - No datasets of type finalized_src_table in collection '2.2i/calib/DM-30694'.
WARNING 2023-10-11T01:51:37.723+00:00 lsst.pipe.base.graphBuilder ()(graphBuilder.py:789) - No datasets of type finalized_src_table in collection '2.2i/calib/gen2'.
WARNING 2023-10-11T01:51:37.723+00:00 lsst.pipe.base.graphBuilder ()(graphBuilder.py:789) - No datasets of type finalized_src_table in collection '2.2i/calib/DM-30694/unbounded'.
WARNING 2023-10-11T01:51:37.723+00:00 lsst.pipe.base.graphBuilder ()(graphBuilder.py:789) - No datasets of type finalized_src_table in collection 'skymaps'.
WARNING 2023-10-11T01:51:37.723+00:00 lsst.pipe.base.graphBuilder ()(graphBuilder.py:789) - No datasets of type finalized_src_table in collection 'refcats/PREOPS-301'.
WARNING 2023-10-11T01:51:37.723+00:00 lsst.pipe.base.graphBuilder ()(graphBuilder.py:789) - No datasets of type finalized_src_table in collection '2.2i/truth_summary'.
WARNING 2023-10-11T01:51:37.769+00:00 py.warnings ()(warnings.py:109) - /opt/lsst/software/stack/stack/miniconda3-py38_4.9.2-4.1.0/Linux64/ctrl_mpexec/g993939a6a1+f01622d10f/python/lsst/ctrl/mpexec/cli/script/qgraph.py:196: UserWarning: QuantumGraph is empty
  qgraph = f.makeGraph(pipelineObj, args)

ERROR 2023-10-11T01:51:37.773+00:00 lsst.daf.butler.cli.utils ()(utils.py:1093) - Caught an exception, details are in traceback:
Traceback (most recent call last):
  File "/opt/lsst/software/stack/stack/miniconda3-py38_4.9.2-4.1.0/Linux64/ctrl_mpexec/g993939a6a1+f01622d10f/python/lsst/ctrl/mpexec/cli/cmd/commands.py", line 159, in run
    qgraph = script.qgraph(pipelineObj=pipeline, **kwargs, show=show)
  File "/opt/lsst/software/stack/stack/miniconda3-py38_4.9.2-4.1.0/Linux64/ctrl_mpexec/g993939a6a1+f01622d10f/python/lsst/ctrl/mpexec/cli/script/qgraph.py", line 199, in qgraph
    raise RuntimeError("QuantumGraph is empty.")
RuntimeError: QuantumGraph is empty.
Wed Oct 11 01:51:38 UTC 2023
