Wed Oct 11 07:03:43 UTC 2023
WARNING 2023-10-11T07:03:46.291+00:00 lsst.resources._resourcePath ()(_resourcePath.py:166) - Possible double encoding of /home/ameisner/test/fresh_pipeline_no_char/nb9b_det_deblend_meas-scarlet.yaml#detection%2CmergeDetections%2Cdeblend%2Cmeasure
WARNING 2023-10-11T07:03:52.263+00:00 py.warnings ()(warnings.py:109) - /opt/lsst/software/stack/stack/miniconda3-py38_4.9.2-4.1.0/Linux64/pipe_tasks/g369a80f31c+b9be13ffc2/python/lsst/pipe/tasks/multiBand.py:261: UserWarning: MeasureMergedCoaddSourcesConnections.defaultTemplates is deprecated and no longer used. Use MeasureMergedCoaddSourcesConfig.inputCatalog.
  warnings.warn("MeasureMergedCoaddSourcesConnections.defaultTemplates is deprecated and no longer used. "

WARNING 2023-10-11T07:03:52.432+00:00 py.warnings ()(warnings.py:109) - /opt/lsst/software/stack/stack/miniconda3-py38_4.9.2-4.1.0/Linux64/pex_config/g71c1dbb2b5+9a7299d786/python/lsst/pex/config/configurableField.py:79: FutureWarning: Call to deprecated class LoadIndexedReferenceObjectsConfig. (This config is no longer used; it will be removed after v25. Please use LoadReferenceObjectsConfig instead.) -- Deprecated since version v25.0.
  value = self._ConfigClass(__name=name, __at=at, __label=label, **storage)

WARNING 2023-10-11T07:03:52.433+00:00 py.warnings ()(warnings.py:109) - /opt/lsst/software/stack/stack/miniconda3-py38_4.9.2-4.1.0/Linux64/pex_config/g71c1dbb2b5+9a7299d786/python/lsst/pex/config/configurableField.py:359: FutureWarning: Call to deprecated class LoadIndexedReferenceObjectsConfig. (This config is no longer used; it will be removed after v25. Please use LoadReferenceObjectsConfig instead.) -- Deprecated since version v25.0.
  value = oldValue.ConfigClass()

INFO 2023-10-11T07:03:53.517+00:00 lsst.ctrl.mpexec.cmdLineFwk ()(cmdLineFwk.py:581) - QuantumGraph contains 4 quanta for 4 tasks, graph ID: '1697007833.5156157-13055'
INFO 2023-10-11T07:04:17.742+00:00 lsst.detection.scaleVariance (detection:{band: 'i', skymap: 'DC2', tract: 4431, patch: 17})(scaleVariance.py:130) - Renormalizing variance by 1.004598
INFO 2023-10-11T07:04:17.778+00:00 lsst.detection.detection (detection:{band: 'i', skymap: 'DC2', tract: 4431, patch: 17})(detection.py:925) - Applying temporary wide background subtraction
INFO 2023-10-11T07:04:21.109+00:00 lsst.detection.detection (detection:{band: 'i', skymap: 'DC2', tract: 4431, patch: 17})(detection.py:598) - Detected 4778 positive peaks in 3570 footprints to 5 sigma
INFO 2023-10-11T07:04:22.092+00:00 lsst.detection.detection.skyObjects (detection:{band: 'i', skymap: 'DC2', tract: 4431, patch: 17})(skyObjects.py:125) - Added 1000 of 1000 requested sky sources (100%)
INFO 2023-10-11T07:04:22.124+00:00 lsst.detection.detection.skyMeasurement (detection:{band: 'i', skymap: 'DC2', tract: 4431, patch: 17})(forcedMeasurement.py:342) - Performing forced measurement on 1000 sources
INFO 2023-10-11T07:04:30.443+00:00 lsst.detection.detection (detection:{band: 'i', skymap: 'DC2', tract: 4431, patch: 17})(dynamicDetection.py:220) - Modifying configured detection threshold by factor 0.767935 to 7.679347
INFO 2023-10-11T07:04:32.867+00:00 lsst.detection.detection (detection:{band: 'i', skymap: 'DC2', tract: 4431, patch: 17})(detection.py:598) - Detected 2934 positive peaks in 2569 footprints to 7.67935 sigma
INFO 2023-10-11T07:04:34.724+00:00 lsst.detection.detection (detection:{band: 'i', skymap: 'DC2', tract: 4431, patch: 17})(detection.py:598) - Detected 3393 positive peaks in 2678 footprints to 7.67935 sigma
INFO 2023-10-11T07:04:35.449+00:00 lsst.detection.detection.skyObjects (detection:{band: 'i', skymap: 'DC2', tract: 4431, patch: 17})(skyObjects.py:125) - Added 1000 of 1000 requested sky sources (100%)
INFO 2023-10-11T07:04:35.479+00:00 lsst.detection.detection.skyMeasurement (detection:{band: 'i', skymap: 'DC2', tract: 4431, patch: 17})(forcedMeasurement.py:342) - Performing forced measurement on 1000 sources
INFO 2023-10-11T07:04:44.050+00:00 lsst.detection.detection (detection:{band: 'i', skymap: 'DC2', tract: 4431, patch: 17})(dynamicDetection.py:280) - Tweaking background by -0.004311 to match sky photometry
INFO 2023-10-11T07:04:49.088+00:00 lsst.ctrl.mpexec.singleQuantumExecutor (detection:{band: 'i', skymap: 'DC2', tract: 4431, patch: 17})(singleQuantumExecutor.py:232) - Execution of task 'detection' on quantum {band: 'i', skymap: 'DC2', tract: 4431, patch: 17} took 34.501 seconds
INFO 2023-10-11T07:04:49.101+00:00 lsst.ctrl.mpexec.singleQuantumExecutor ()(singleQuantumExecutor.py:654) - Log records could not be stored in this butler because the datastore can not ingest files, empty record list is stored instead.
INFO 2023-10-11T07:04:49.374+00:00 lsst.ctrl.mpexec.mpGraphExecutor ()(mpGraphExecutor.py:653) - Executed 1 quanta successfully, 0 failed and 3 remain out of total 4 quanta.
INFO 2023-10-11T07:04:50.817+00:00 lsst.mergeDetections.skyObjects (mergeDetections:{skymap: 'DC2', tract: 4431, patch: 17})(skyObjects.py:125) - Added 100 of 100 requested sky sources (100%)
INFO 2023-10-11T07:04:50.832+00:00 lsst.mergeDetections (mergeDetections:{skymap: 'DC2', tract: 4431, patch: 17})(mergeDetections.py:331) - Merged to 2669 sources
INFO 2023-10-11T07:04:50.883+00:00 lsst.mergeDetections (mergeDetections:{skymap: 'DC2', tract: 4431, patch: 17})(mergeDetections.py:364) - Culled 0 of 3034 peaks
INFO 2023-10-11T07:04:51.527+00:00 lsst.ctrl.mpexec.singleQuantumExecutor (mergeDetections:{skymap: 'DC2', tract: 4431, patch: 17})(singleQuantumExecutor.py:232) - Execution of task 'mergeDetections' on quantum {skymap: 'DC2', tract: 4431, patch: 17} took 2.146 seconds
INFO 2023-10-11T07:04:51.541+00:00 lsst.ctrl.mpexec.singleQuantumExecutor ()(singleQuantumExecutor.py:654) - Log records could not be stored in this butler because the datastore can not ingest files, empty record list is stored instead.
INFO 2023-10-11T07:04:51.891+00:00 lsst.ctrl.mpexec.mpGraphExecutor ()(mpGraphExecutor.py:653) - Executed 2 quanta successfully, 0 failed and 2 remain out of total 4 quanta.
INFO 2023-10-11T07:04:54.163+00:00 lsst.deblend.multibandDeblend (deblend:{skymap: 'DC2', tract: 4431, patch: 17})(scarletDeblendTask.py:973) - Deblending 2669 sources in 1 exposure bands
WARNING 2023-10-11T07:04:54.243+00:00 py.warnings (deblend:{skymap: 'DC2', tract: 4431, patch: 17})(warnings.py:109) - /opt/lsst/software/stack/stack/miniconda3-py38_4.9.2-4.1.0/Linux64/scarlet/gd32b658ba2+4083830bf8/lib/python/scarlet/lite/models.py:119: RuntimeWarning: invalid value encountered in true_divide
  if np.any(edge_flux/edge_mask > self.bg_thresh*self.bg_rms[:, None, None]):

WARNING 2023-10-11T07:06:17.533+00:00 py.warnings (deblend:{skymap: 'DC2', tract: 4431, patch: 17})(warnings.py:109) - /opt/lsst/software/stack/stack/miniconda3-py38_4.9.2-4.1.0/Linux64/scarlet/gd32b658ba2+4083830bf8/lib/python/scarlet/lite/measure.py:35: RuntimeWarning: invalid value encountered in multiply
  denominator = (psfs * noise) * psfs

WARNING 2023-10-11T07:06:17.785+00:00 py.warnings (deblend:{skymap: 'DC2', tract: 4431, patch: 17})(warnings.py:109) - /opt/lsst/software/stack/stack/miniconda3-py38_4.9.2-4.1.0/Linux64/scarlet/gd32b658ba2+4083830bf8/lib/python/scarlet/lite/parameters.py:302: RuntimeWarning: invalid value encountered in true_divide
  _z = self.prox(z - gamma/step * psi * (z-self.x), gamma)

WARNING 2023-10-11T07:06:17.785+00:00 py.warnings (deblend:{skymap: 'DC2', tract: 4431, patch: 17})(warnings.py:109) - /opt/lsst/software/stack/stack/miniconda3-py38_4.9.2-4.1.0/Linux64/scarlet/gd32b658ba2+4083830bf8/lib/python/scarlet/lite/parameters.py:302: RuntimeWarning: invalid value encountered in subtract
  _z = self.prox(z - gamma/step * psi * (z-self.x), gamma)

INFO 2023-10-11T07:06:40.890+00:00 lsst.deblend.multibandDeblend (deblend:{skymap: 'DC2', tract: 4431, patch: 17})(scarletDeblendTask.py:1135) - Deblender results: of 2669 parent sources, 2569 were deblended, creating 2934 children, for a total of 5603 sources
INFO 2023-10-11T07:06:44.368+00:00 lsst.ctrl.mpexec.singleQuantumExecutor (deblend:{skymap: 'DC2', tract: 4431, patch: 17})(singleQuantumExecutor.py:232) - Execution of task 'deblend' on quantum {skymap: 'DC2', tract: 4431, patch: 17} took 112.468 seconds
INFO 2023-10-11T07:06:44.381+00:00 lsst.ctrl.mpexec.singleQuantumExecutor ()(singleQuantumExecutor.py:654) - Log records could not be stored in this butler because the datastore can not ingest files, empty record list is stored instead.
INFO 2023-10-11T07:06:44.757+00:00 lsst.ctrl.mpexec.mpGraphExecutor ()(mpGraphExecutor.py:653) - Executed 3 quanta successfully, 0 failed and 1 remain out of total 4 quanta.
WARNING 2023-10-11T07:06:49.121+00:00 py.warnings (measure:{band: 'i', skymap: 'DC2', tract: 4431, patch: 17})(warnings.py:109) - /opt/lsst/software/stack/stack/miniconda3-py38_4.9.2-4.1.0/Linux64/scarlet/gd32b658ba2+4083830bf8/lib/python/scarlet/lite/measure.py:85: RuntimeWarning: divide by zero encountered in true_divide
  ratio = numerator / denominator

WARNING 2023-10-11T07:06:49.122+00:00 py.warnings (measure:{band: 'i', skymap: 'DC2', tract: 4431, patch: 17})(warnings.py:109) - /opt/lsst/software/stack/stack/miniconda3-py38_4.9.2-4.1.0/Linux64/scarlet/gd32b658ba2+4083830bf8/lib/python/scarlet/lite/measure.py:85: RuntimeWarning: invalid value encountered in true_divide
  ratio = numerator / denominator

INFO 2023-10-11T07:07:51.185+00:00 lsst.measure.measurement (measure:{band: 'i', skymap: 'DC2', tract: 4431, patch: 17})(sfm.py:298) - Measuring 5603 sources (2669 parents, 2934 children) 
INFO 2023-10-11T07:14:07.050+00:00 lsst.measure.applyApCorr (measure:{band: 'i', skymap: 'DC2', tract: 4431, patch: 17})(applyApCorr.py:244) - Applying aperture corrections to 23 instFlux fields
INFO 2023-10-11T07:14:35.595+00:00 lsst.measure.match.sourceSelection (measure:{band: 'i', skymap: 'DC2', tract: 4431, patch: 17})(sourceSelector.py:560) - Selected 5603/5603 sources
INFO 2023-10-11T07:14:35.596+00:00 lsst.measure (measure:{band: 'i', skymap: 'DC2', tract: 4431, patch: 17})(loadReferenceObjects.py:913) - Loading reference objects from cal_ref_cat_2_2 in region bounded by [55.46032469, 55.85329057], [-32.37103210, -32.03852616] RA Dec
INFO 2023-10-11T07:14:35.955+00:00 lsst.measure (measure:{band: 'i', skymap: 'DC2', tract: 4431, patch: 17})(loadReferenceObjects.py:953) - Loaded 2514 reference objects
INFO 2023-10-11T07:14:35.962+00:00 lsst.measure.match.referenceSelection (measure:{band: 'i', skymap: 'DC2', tract: 4431, patch: 17})(sourceSelector.py:626) - Selected 2514/2514 references
INFO 2023-10-11T07:14:35.966+00:00 lsst.measure.match (measure:{band: 'i', skymap: 'DC2', tract: 4431, patch: 17})(directMatch.py:111) - Matched 1524 from 5603/5603 input and 2514/2514 reference sources
INFO 2023-10-11T07:14:38.361+00:00 lsst.ctrl.mpexec.singleQuantumExecutor (measure:{band: 'i', skymap: 'DC2', tract: 4431, patch: 17})(singleQuantumExecutor.py:232) - Execution of task 'measure' on quantum {band: 'i', skymap: 'DC2', tract: 4431, patch: 17} took 473.595 seconds
INFO 2023-10-11T07:14:38.376+00:00 lsst.ctrl.mpexec.singleQuantumExecutor ()(singleQuantumExecutor.py:654) - Log records could not be stored in this butler because the datastore can not ingest files, empty record list is stored instead.
INFO 2023-10-11T07:14:38.735+00:00 lsst.ctrl.mpexec.mpGraphExecutor ()(mpGraphExecutor.py:653) - Executed 4 quanta successfully, 0 failed and 0 remain out of total 4 quanta.
Wed Oct 11 07:14:39 UTC 2023
